{"meta": {"format": 3, "version": "7.13.0", "timestamp": "2025-12-18T08:59:38.561907", "branch_coverage": false, "show_contexts": false}, "files": {"src/lumyn/__init__.py": {"executed_lines": [1, 2, 4], "summary": {"covered_lines": 3, "num_statements": 3, "percent_covered": 100.0, "percent_covered_display": "100", "missing_lines": 0, "excluded_lines": 0, "percent_statements_covered": 100.0, "percent_statements_covered_display": "100"}, "missing_lines": [], "excluded_lines": [], "functions": {"": {"executed_lines": [1, 2, 4], "summary": {"covered_lines": 3, "num_statements": 3, "percent_covered": 100.0, "percent_covered_display": "100", "missing_lines": 0, "excluded_lines": 0, "percent_statements_covered": 100.0, "percent_statements_covered_display": "100"}, "missing_lines": [], "excluded_lines": []}}, "classes": {"": {"executed_lines": [1, 2, 4], "summary": {"covered_lines": 3, "num_statements": 3, "percent_covered": 100.0, "percent_covered_display": "100", "missing_lines": 0, "excluded_lines": 0, "percent_statements_covered": 100.0, "percent_statements_covered_display": "100"}, "missing_lines": [], "excluded_lines": []}}}, "src/lumyn/__main__.py": {"executed_lines": [], "summary": {"covered_lines": 0, "num_statements": 3, "percent_covered": 0.0, "percent_covered_display": "0", "missing_lines": 3, "excluded_lines": 0, "percent_statements_covered": 0.0, "percent_statements_covered_display": "0"}, "missing_lines": [1, 3, 4], "excluded_lines": [], "functions": {"": {"executed_lines": [], "summary": {"covered_lines": 0, "num_statements": 3, "percent_covered": 0.0, "percent_covered_display": "0", "missing_lines": 3, "excluded_lines": 0, "percent_statements_covered": 0.0, "percent_statements_covered_display": "0"}, "missing_lines": [1, 3, 4], "excluded_lines": []}}, "classes": {"": {"executed_lines": [], "summary": {"covered_lines": 0, "num_statements": 3, "percent_covered": 0.0, "percent_covered_display": "0", "missing_lines": 3, "excluded_lines": 0, "percent_statements_covered": 0.0, "percent_statements_covered_display": "0"}, "missing_lines": [1, 3, 4], "excluded_lines": []}}}, "src/lumyn/_data/__init__.py": {"executed_lines": [1], "summary": {"covered_lines": 0, "num_statements": 0, "percent_covered": 100.0, "percent_covered_display": "100", "missing_lines": 0, "excluded_lines": 0, "percent_statements_covered": 100.0, "percent_statements_covered_display": "100"}, "missing_lines": [], "excluded_lines": [], "functions": {"": {"executed_lines": [1], "summary": {"covered_lines": 0, "num_statements": 0, "percent_covered": 100.0, "percent_covered_display": "100", "missing_lines": 0, "excluded_lines": 0, "percent_statements_covered": 100.0, "percent_statements_covered_display": "100"}, "missing_lines": [], "excluded_lines": []}}, "classes": {"": {"executed_lines": [1], "summary": {"covered_lines": 0, "num_statements": 0, "percent_covered": 100.0, "percent_covered_display": "100", "missing_lines": 0, "excluded_lines": 0, "percent_statements_covered": 100.0, "percent_statements_covered_display": "100"}, "missing_lines": [], "excluded_lines": []}}}, "src/lumyn/api/__init__.py": {"executed_lines": [1], "summary": {"covered_lines": 0, "num_statements": 0, "percent_covered": 100.0, "percent_covered_display": "100", "missing_lines": 0, "excluded_lines": 0, "percent_statements_covered": 100.0, "percent_statements_covered_display": "100"}, "missing_lines": [], "excluded_lines": [], "functions": {"": {"executed_lines": [1], "summary": {"covered_lines": 0, "num_statements": 0, "percent_covered": 100.0, "percent_covered_display": "100", "missing_lines": 0, "excluded_lines": 0, "percent_statements_covered": 100.0, "percent_statements_covered_display": "100"}, "missing_lines": [], "excluded_lines": []}}, "classes": {"": {"executed_lines": [1], "summary": {"covered_lines": 0, "num_statements": 0, "percent_covered": 100.0, "percent_covered_display": "100", "missing_lines": 0, "excluded_lines": 0, "percent_statements_covered": 100.0, "percent_statements_covered_display": "100"}, "missing_lines": [], "excluded_lines": []}}}, "src/lumyn/api/app.py": {"executed_lines": [1, 3, 5, 7, 8, 9, 10, 11, 12, 13, 16, 17, 18, 20, 21, 23, 35, 36, 38, 43, 45, 46, 49, 52], "summary": {"covered_lines": 24, "num_statements": 25, "percent_covered": 96.0, "percent_covered_display": "96", "missing_lines": 1, "excluded_lines": 0, "percent_statements_covered": 96.0, "percent_statements_covered_display": "96"}, "missing_lines": [47], "excluded_lines": [], "functions": {"create_app": {"executed_lines": [17, 18, 20, 21, 23, 35, 36, 38, 43, 45, 46, 49], "summary": {"covered_lines": 12, "num_statements": 12, "percent_covered": 100.0, "percent_covered_display": "100", "missing_lines": 0, "excluded_lines": 0, "percent_statements_covered": 100.0, "percent_statements_covered_display": "100"}, "missing_lines": [], "excluded_lines": []}, "create_app.healthz": {"executed_lines": [], "summary": {"covered_lines": 0, "num_statements": 1, "percent_covered": 0.0, "percent_covered_display": "0", "missing_lines": 1, "excluded_lines": 0, "percent_statements_covered": 0.0, "percent_statements_covered_display": "0"}, "missing_lines": [47], "excluded_lines": []}, "": {"executed_lines": [1, 3, 5, 7, 8, 9, 10, 11, 12, 13, 16, 52], "summary": {"covered_lines": 12, "num_statements": 12, "percent_covered": 100.0, "percent_covered_display": "100", "missing_lines": 0, "excluded_lines": 0, "percent_statements_covered": 100.0, "percent_statements_covered_display": "100"}, "missing_lines": [], "excluded_lines": []}}, "classes": {"": {"executed_lines": [1, 3, 5, 7, 8, 9, 10, 11, 12, 13, 16, 17, 18, 20, 21, 23, 35, 36, 38, 43, 45, 46, 49, 52], "summary": {"covered_lines": 24, "num_statements": 25, "percent_covered": 96.0, "percent_covered_display": "96", "missing_lines": 1, "excluded_lines": 0, "percent_statements_covered": 96.0, "percent_statements_covered_display": "96"}, "missing_lines": [47], "excluded_lines": []}}}, "src/lumyn/api/auth.py": {"executed_lines": [1, 3, 4, 6, 9, 10, 11, 14, 15, 16, 21, 27, 28, 29], "summary": {"covered_lines": 14, "num_statements": 15, "percent_covered": 93.33333333333333, "percent_covered_display": "93", "missing_lines": 1, "excluded_lines": 0, "percent_statements_covered": 93.33333333333333, "percent_statements_covered_display": "93"}, "missing_lines": [22], "excluded_lines": [], "functions": {"compute_hmac_signature": {"executed_lines": [10, 11], "summary": {"covered_lines": 2, "num_statements": 2, "percent_covered": 100.0, "percent_covered_display": "100", "missing_lines": 0, "excluded_lines": 0, "percent_statements_covered": 100.0, "percent_statements_covered_display": "100"}, "missing_lines": [], "excluded_lines": []}, "require_hmac_signature": {"executed_lines": [15, 16, 21, 27, 28, 29], "summary": {"covered_lines": 6, "num_statements": 7, "percent_covered": 85.71428571428571, "percent_covered_display": "86", "missing_lines": 1, "excluded_lines": 0, "percent_statements_covered": 85.71428571428571, "percent_statements_covered_display": "86"}, "missing_lines": [22], "excluded_lines": []}, "": {"executed_lines": [1, 3, 4, 6, 9, 14], "summary": {"covered_lines": 6, "num_statements": 6, "percent_covered": 100.0, "percent_covered_display": "100", "missing_lines": 0, "excluded_lines": 0, "percent_statements_covered": 100.0, "percent_statements_covered_display": "100"}, "missing_lines": [], "excluded_lines": []}}, "classes": {"": {"executed_lines": [1, 3, 4, 6, 9, 10, 11, 14, 15, 16, 21, 27, 28, 29], "summary": {"covered_lines": 14, "num_statements": 15, "percent_covered": 93.33333333333333, "percent_covered_display": "93", "missing_lines": 1, "excluded_lines": 0, "percent_statements_covered": 93.33333333333333, "percent_statements_covered_display": "93"}, "missing_lines": [22], "excluded_lines": []}}}, "src/lumyn/api/routes_v0.py": {"executed_lines": [1, 3, 4, 5, 7, 8, 10, 11, 12, 13, 14, 17, 18, 19, 20, 21, 24, 25, 27, 28, 29, 30, 31, 32, 37, 38, 52, 53, 54, 55, 56, 57, 59, 61, 62, 63, 64, 65, 66, 69, 70, 75, 76, 82, 83, 85, 86, 87, 88, 89, 95, 98], "summary": {"covered_lines": 52, "num_statements": 65, "percent_covered": 80.0, "percent_covered_display": "80", "missing_lines": 13, "excluded_lines": 0, "percent_statements_covered": 80.0, "percent_statements_covered_display": "80"}, "missing_lines": [39, 40, 43, 44, 47, 48, 58, 67, 71, 77, 99, 100, 101], "excluded_lines": [], "functions": {"build_routes_v0": {"executed_lines": [25, 27, 28, 52, 53, 61, 62, 85, 86, 95], "summary": {"covered_lines": 10, "num_statements": 10, "percent_covered": 100.0, "percent_covered_display": "100", "missing_lines": 0, "excluded_lines": 0, "percent_statements_covered": 100.0, "percent_statements_covered_display": "100"}, "missing_lines": [], "excluded_lines": []}, "build_routes_v0.post_decide": {"executed_lines": [29, 30, 31, 32, 37, 38], "summary": {"covered_lines": 6, "num_statements": 12, "percent_covered": 50.0, "percent_covered_display": "50", "missing_lines": 6, "excluded_lines": 0, "percent_statements_covered": 50.0, "percent_statements_covered_display": "50"}, "missing_lines": [39, 40, 43, 44, 47, 48], "excluded_lines": []}, "build_routes_v0.get_decision": {"executed_lines": [54, 55, 56, 57, 59], "summary": {"covered_lines": 5, "num_statements": 6, "percent_covered": 83.33333333333333, "percent_covered_display": "83", "missing_lines": 1, "excluded_lines": 0, "percent_statements_covered": 83.33333333333333, "percent_statements_covered_display": "83"}, "missing_lines": [58], "excluded_lines": []}, "build_routes_v0.post_event": {"executed_lines": [63, 64, 65, 66, 69, 70, 75, 76, 82, 83], "summary": {"covered_lines": 10, "num_statements": 13, "percent_covered": 76.92307692307692, "percent_covered_display": "77", "missing_lines": 3, "excluded_lines": 0, "percent_statements_covered": 76.92307692307692, "percent_statements_covered_display": "77"}, "missing_lines": [67, 71, 77], "excluded_lines": []}, "build_routes_v0.get_policy": {"executed_lines": [87, 88, 89], "summary": {"covered_lines": 3, "num_statements": 3, "percent_covered": 100.0, "percent_covered_display": "100", "missing_lines": 0, "excluded_lines": 0, "percent_statements_covered": 100.0, "percent_statements_covered_display": "100"}, "missing_lines": [], "excluded_lines": []}, "make_default_deps": {"executed_lines": [], "summary": {"covered_lines": 0, "num_statements": 3, "percent_covered": 0.0, "percent_covered_display": "0", "missing_lines": 3, "excluded_lines": 0, "percent_statements_covered": 0.0, "percent_statements_covered_display": "0"}, "missing_lines": [99, 100, 101], "excluded_lines": []}, "": {"executed_lines": [1, 3, 4, 5, 7, 8, 10, 11, 12, 13, 14, 17, 18, 19, 20, 21, 24, 98], "summary": {"covered_lines": 18, "num_statements": 18, "percent_covered": 100.0, "percent_covered_display": "100", "missing_lines": 0, "excluded_lines": 0, "percent_statements_covered": 100.0, "percent_statements_covered_display": "100"}, "missing_lines": [], "excluded_lines": []}}, "classes": {"ApiV0Deps": {"executed_lines": [], "summary": {"covered_lines": 0, "num_statements": 0, "percent_covered": 100.0, "percent_covered_display": "100", "missing_lines": 0, "excluded_lines": 0, "percent_statements_covered": 100.0, "percent_statements_covered_display": "100"}, "missing_lines": [], "excluded_lines": []}, "": {"executed_lines": [1, 3, 4, 5, 7, 8, 10, 11, 12, 13, 14, 17, 18, 19, 20, 21, 24, 25, 27, 28, 29, 30, 31, 32, 37, 38, 52, 53, 54, 55, 56, 57, 59, 61, 62, 63, 64, 65, 66, 69, 70, 75, 76, 82, 83, 85, 86, 87, 88, 89, 95, 98], "summary": {"covered_lines": 52, "num_statements": 65, "percent_covered": 80.0, "percent_covered_display": "80", "missing_lines": 13, "excluded_lines": 0, "percent_statements_covered": 80.0, "percent_statements_covered_display": "80"}, "missing_lines": [39, 40, 43, 44, 47, 48, 58, 67, 71, 77, 99, 100, 101], "excluded_lines": []}}}, "src/lumyn/api/routes_v1.py": {"executed_lines": [1, 3, 4, 6, 7, 8, 10, 11, 12, 13, 14, 17, 18, 19, 20, 21, 24, 25, 26, 27, 29, 30, 31, 32, 33, 34, 39, 40, 41, 46, 60], "summary": {"covered_lines": 31, "num_statements": 37, "percent_covered": 83.78378378378379, "percent_covered_display": "84", "missing_lines": 6, "excluded_lines": 0, "percent_statements_covered": 83.78378378378379, "percent_statements_covered_display": "84"}, "missing_lines": [47, 48, 51, 52, 55, 56], "excluded_lines": [], "functions": {"build_routes_v1": {"executed_lines": [25, 26, 27, 29, 30, 60], "summary": {"covered_lines": 6, "num_statements": 6, "percent_covered": 100.0, "percent_covered_display": "100", "missing_lines": 0, "excluded_lines": 0, "percent_statements_covered": 100.0, "percent_statements_covered_display": "100"}, "missing_lines": [], "excluded_lines": []}, "build_routes_v1.post_decide": {"executed_lines": [31, 32, 33, 34, 39, 40, 41, 46], "summary": {"covered_lines": 8, "num_statements": 14, "percent_covered": 57.142857142857146, "percent_covered_display": "57", "missing_lines": 6, "excluded_lines": 0, "percent_statements_covered": 57.142857142857146, "percent_statements_covered_display": "57"}, "missing_lines": [47, 48, 51, 52, 55, 56], "excluded_lines": []}, "": {"executed_lines": [1, 3, 4, 6, 7, 8, 10, 11, 12, 13, 14, 17, 18, 19, 20, 21, 24], "summary": {"covered_lines": 17, "num_statements": 17, "percent_covered": 100.0, "percent_covered_display": "100", "missing_lines": 0, "excluded_lines": 0, "percent_statements_covered": 100.0, "percent_statements_covered_display": "100"}, "missing_lines": [], "excluded_lines": []}}, "classes": {"ApiV1Deps": {"executed_lines": [], "summary": {"covered_lines": 0, "num_statements": 0, "percent_covered": 100.0, "percent_covered_display": "100", "missing_lines": 0, "excluded_lines": 0, "percent_statements_covered": 100.0, "percent_statements_covered_display": "100"}, "missing_lines": [], "excluded_lines": []}, "": {"executed_lines": [1, 3, 4, 6, 7, 8, 10, 11, 12, 13, 14, 17, 18, 19, 20, 21, 24, 25, 26, 27, 29, 30, 31, 32, 33, 34, 39, 40, 41, 46, 60], "summary": {"covered_lines": 31, "num_statements": 37, "percent_covered": 83.78378378378379, "percent_covered_display": "84", "missing_lines": 6, "excluded_lines": 0, "percent_statements_covered": 83.78378378378379, "percent_statements_covered_display": "84"}, "missing_lines": [47, 48, 51, 52, 55, 56], "excluded_lines": []}}}, "src/lumyn/assets.py": {"executed_lines": [1, 3, 4, 7, 16, 17, 18, 19], "summary": {"covered_lines": 8, "num_statements": 10, "percent_covered": 80.0, "percent_covered_display": "80", "missing_lines": 2, "excluded_lines": 0, "percent_statements_covered": 80.0, "percent_statements_covered_display": "80"}, "missing_lines": [20, 21], "excluded_lines": [], "functions": {"read_builtin_text": {"executed_lines": [16, 17, 18, 19], "summary": {"covered_lines": 4, "num_statements": 6, "percent_covered": 66.66666666666667, "percent_covered_display": "67", "missing_lines": 2, "excluded_lines": 0, "percent_statements_covered": 66.66666666666667, "percent_statements_covered_display": "67"}, "missing_lines": [20, 21], "excluded_lines": []}, "": {"executed_lines": [1, 3, 4, 7], "summary": {"covered_lines": 4, "num_statements": 4, "percent_covered": 100.0, "percent_covered_display": "100", "missing_lines": 0, "excluded_lines": 0, "percent_statements_covered": 100.0, "percent_statements_covered_display": "100"}, "missing_lines": [], "excluded_lines": []}}, "classes": {"": {"executed_lines": [1, 3, 4, 7, 16, 17, 18, 19], "summary": {"covered_lines": 8, "num_statements": 10, "percent_covered": 80.0, "percent_covered_display": "80", "missing_lines": 2, "excluded_lines": 0, "percent_statements_covered": 80.0, "percent_statements_covered_display": "80"}, "missing_lines": [20, 21], "excluded_lines": []}}}, "src/lumyn/cli/commands/__init__.py": {"executed_lines": [1], "summary": {"covered_lines": 0, "num_statements": 0, "percent_covered": 100.0, "percent_covered_display": "100", "missing_lines": 0, "excluded_lines": 0, "percent_statements_covered": 100.0, "percent_statements_covered_display": "100"}, "missing_lines": [], "excluded_lines": [], "functions": {"": {"executed_lines": [1], "summary": {"covered_lines": 0, "num_statements": 0, "percent_covered": 100.0, "percent_covered_display": "100", "missing_lines": 0, "excluded_lines": 0, "percent_statements_covered": 100.0, "percent_statements_covered_display": "100"}, "missing_lines": [], "excluded_lines": []}}, "classes": {"": {"executed_lines": [1], "summary": {"covered_lines": 0, "num_statements": 0, "percent_covered": 100.0, "percent_covered_display": "100", "missing_lines": 0, "excluded_lines": 0, "percent_statements_covered": 100.0, "percent_statements_covered_display": "100"}, "missing_lines": [], "excluded_lines": []}}}, "src/lumyn/cli/commands/convert.py": {"executed_lines": [1, 3, 4, 5, 6, 8, 10, 12, 15, 16, 17, 22, 24, 27, 28, 29, 32, 33, 35, 38, 39, 40, 45, 46, 49, 56, 59, 60, 62, 63, 64, 65, 66, 68, 69, 71, 72, 73, 78, 83, 84, 85, 86, 88, 89, 90, 91, 97], "summary": {"covered_lines": 48, "num_statements": 63, "percent_covered": 76.19047619047619, "percent_covered_display": "76", "missing_lines": 15, "excluded_lines": 0, "percent_statements_covered": 76.19047619047619, "percent_statements_covered_display": "76"}, "missing_lines": [18, 19, 20, 21, 23, 30, 31, 34, 41, 42, 57, 61, 92, 93, 95], "excluded_lines": [], "functions": {"_read_json": {"executed_lines": [16, 17, 22, 24], "summary": {"covered_lines": 4, "num_statements": 9, "percent_covered": 44.44444444444444, "percent_covered_display": "44", "missing_lines": 5, "excluded_lines": 0, "percent_statements_covered": 44.44444444444444, "percent_statements_covered_display": "44"}, "missing_lines": [18, 19, 20, 21, 23], "excluded_lines": []}, "_zip_read_json": {"executed_lines": [28, 29, 32, 33, 35], "summary": {"covered_lines": 5, "num_statements": 8, "percent_covered": 62.5, "percent_covered_display": "62", "missing_lines": 3, "excluded_lines": 0, "percent_statements_covered": 62.5, "percent_statements_covered_display": "62"}, "missing_lines": [30, 31, 34], "excluded_lines": []}, "_zip_read_text": {"executed_lines": [39, 40], "summary": {"covered_lines": 2, "num_statements": 4, "percent_covered": 50.0, "percent_covered_display": "50", "missing_lines": 2, "excluded_lines": 0, "percent_statements_covered": 50.0, "percent_statements_covered_display": "50"}, "missing_lines": [41, 42], "excluded_lines": []}, "_zip_write_text": {"executed_lines": [46], "summary": {"covered_lines": 1, "num_statements": 1, "percent_covered": 100.0, "percent_covered_display": "100", "missing_lines": 0, "excluded_lines": 0, "percent_statements_covered": 100.0, "percent_statements_covered_display": "100"}, "missing_lines": [], "excluded_lines": []}, "main": {"executed_lines": [56, 59, 60, 62, 63, 64, 65, 66, 68, 69, 71, 72, 73, 78, 83, 84, 85, 86, 88, 89, 90, 91, 97], "summary": {"covered_lines": 23, "num_statements": 28, "percent_covered": 82.14285714285714, "percent_covered_display": "82", "missing_lines": 5, "excluded_lines": 0, "percent_statements_covered": 82.14285714285714, "percent_statements_covered_display": "82"}, "missing_lines": [57, 61, 92, 93, 95], "excluded_lines": []}, "": {"executed_lines": [1, 3, 4, 5, 6, 8, 10, 12, 15, 27, 38, 45, 49], "summary": {"covered_lines": 13, "num_statements": 13, "percent_covered": 100.0, "percent_covered_display": "100", "missing_lines": 0, "excluded_lines": 0, "percent_statements_covered": 100.0, "percent_statements_covered_display": "100"}, "missing_lines": [], "excluded_lines": []}}, "classes": {"": {"executed_lines": [1, 3, 4, 5, 6, 8, 10, 12, 15, 16, 17, 22, 24, 27, 28, 29, 32, 33, 35, 38, 39, 40, 45, 46, 49, 56, 59, 60, 62, 63, 64, 65, 66, 68, 69, 71, 72, 73, 78, 83, 84, 85, 86, 88, 89, 90, 91, 97], "summary": {"covered_lines": 48, "num_statements": 63, "percent_covered": 76.19047619047619, "percent_covered_display": "76", "missing_lines": 15, "excluded_lines": 0, "percent_statements_covered": 76.19047619047619, "percent_statements_covered_display": "76"}, "missing_lines": [18, 19, 20, 21, 23, 30, 31, 34, 41, 42, 57, 61, 92, 93, 95], "excluded_lines": []}}}, "src/lumyn/cli/commands/decide.py": {"executed_lines": [1, 3, 5, 7, 9, 14, 16, 19, 20, 30, 31, 36, 37, 38, 39], "summary": {"covered_lines": 15, "num_statements": 16, "percent_covered": 93.75, "percent_covered_display": "94", "missing_lines": 1, "excluded_lines": 0, "percent_statements_covered": 93.75, "percent_statements_covered_display": "94"}, "missing_lines": [32], "excluded_lines": [], "functions": {"main": {"executed_lines": [30, 31, 36, 37, 38, 39], "summary": {"covered_lines": 6, "num_statements": 7, "percent_covered": 85.71428571428571, "percent_covered_display": "86", "missing_lines": 1, "excluded_lines": 0, "percent_statements_covered": 85.71428571428571, "percent_statements_covered_display": "86"}, "missing_lines": [32], "excluded_lines": []}, "": {"executed_lines": [1, 3, 5, 7, 9, 14, 16, 19, 20], "summary": {"covered_lines": 9, "num_statements": 9, "percent_covered": 100.0, "percent_covered_display": "100", "missing_lines": 0, "excluded_lines": 0, "percent_statements_covered": 100.0, "percent_statements_covered_display": "100"}, "missing_lines": [], "excluded_lines": []}}, "classes": {"": {"executed_lines": [1, 3, 5, 7, 9, 14, 16, 19, 20, 30, 31, 36, 37, 38, 39], "summary": {"covered_lines": 15, "num_statements": 16, "percent_covered": 93.75, "percent_covered_display": "94", "missing_lines": 1, "excluded_lines": 0, "percent_statements_covered": 93.75, "percent_statements_covered_display": "94"}, "missing_lines": [32], "excluded_lines": []}}}, "src/lumyn/cli/commands/demo.py": {"executed_lines": [1, 3, 4, 5, 7, 9, 11, 12, 13, 15, 18, 19, 64, 65, 80, 81, 82, 90, 91, 92, 93, 94, 95, 96, 97, 99, 101, 102, 106, 107, 108, 109, 111, 112, 117, 118, 119, 120, 121, 122, 124, 125, 132, 133, 134, 135, 136, 137, 138, 139, 140, 141, 142, 143, 144, 145, 146, 148, 150], "summary": {"covered_lines": 59, "num_statements": 63, "percent_covered": 93.65079365079364, "percent_covered_display": "94", "missing_lines": 4, "excluded_lines": 0, "percent_statements_covered": 93.65079365079364, "percent_statements_covered_display": "94"}, "missing_lines": [85, 86, 104, 105], "excluded_lines": [], "functions": {"_demo_requests": {"executed_lines": [19], "summary": {"covered_lines": 1, "num_statements": 1, "percent_covered": 100.0, "percent_covered_display": "100", "missing_lines": 0, "excluded_lines": 0, "percent_statements_covered": 100.0, "percent_statements_covered_display": "100"}, "missing_lines": [], "excluded_lines": []}, "main": {"executed_lines": [80, 81, 82, 90, 91, 92, 93, 94, 95, 96, 97, 99, 101, 102, 106, 107, 108, 109, 111, 112, 117, 118, 119, 120, 121, 122, 124, 125, 132, 133, 134, 135, 136, 137, 138, 139, 140, 141, 142, 143, 144, 145, 146, 148, 150], "summary": {"covered_lines": 45, "num_statements": 49, "percent_covered": 91.83673469387755, "percent_covered_display": "92", "missing_lines": 4, "excluded_lines": 0, "percent_statements_covered": 91.83673469387755, "percent_statements_covered_display": "92"}, "missing_lines": [85, 86, 104, 105], "excluded_lines": []}, "": {"executed_lines": [1, 3, 4, 5, 7, 9, 11, 12, 13, 15, 18, 64, 65], "summary": {"covered_lines": 13, "num_statements": 13, "percent_covered": 100.0, "percent_covered_display": "100", "missing_lines": 0, "excluded_lines": 0, "percent_statements_covered": 100.0, "percent_statements_covered_display": "100"}, "missing_lines": [], "excluded_lines": []}}, "classes": {"": {"executed_lines": [1, 3, 4, 5, 7, 9, 11, 12, 13, 15, 18, 19, 64, 65, 80, 81, 82, 90, 91, 92, 93, 94, 95, 96, 97, 99, 101, 102, 106, 107, 108, 109, 111, 112, 117, 118, 119, 120, 121, 122, 124, 125, 132, 133, 134, 135, 136, 137, 138, 139, 140, 141, 142, 143, 144, 145, 146, 148, 150], "summary": {"covered_lines": 59, "num_statements": 63, "percent_covered": 93.65079365079364, "percent_covered_display": "94", "missing_lines": 4, "excluded_lines": 0, "percent_statements_covered": 93.65079365079364, "percent_statements_covered_display": "94"}, "missing_lines": [85, 86, 104, 105], "excluded_lines": []}}}, "src/lumyn/cli/commands/diff.py": {"executed_lines": [1, 3, 4, 5, 6, 8, 10, 11, 12, 17, 18, 22, 23, 24, 25, 35, 37, 38, 39, 40, 43, 44, 45, 48, 49, 53, 56, 68, 73, 75, 76, 84, 85, 86, 89, 90, 94, 100, 101, 102, 104, 105, 106, 110, 112, 119, 120, 123, 124, 126, 137, 138, 139, 140, 142, 145, 146, 149, 151, 152, 155, 156, 158, 159, 168, 170], "summary": {"covered_lines": 66, "num_statements": 87, "percent_covered": 75.86206896551724, "percent_covered_display": "76", "missing_lines": 21, "excluded_lines": 0, "percent_statements_covered": 75.86206896551724, "percent_statements_covered_display": "76"}, "missing_lines": [19, 20, 27, 28, 29, 30, 31, 32, 69, 70, 77, 78, 79, 91, 92, 107, 108, 115, 116, 117, 143], "excluded_lines": [], "functions": {"_load_records": {"executed_lines": [18, 22, 23, 24, 25], "summary": {"covered_lines": 5, "num_statements": 13, "percent_covered": 38.46153846153846, "percent_covered_display": "38", "missing_lines": 8, "excluded_lines": 0, "percent_statements_covered": 38.46153846153846, "percent_statements_covered_display": "38"}, "missing_lines": [19, 20, 27, 28, 29, 30, 31, 32], "excluded_lines": []}, "_print_table": {"executed_lines": [37, 38, 39, 40, 43, 44, 45, 48, 49, 53], "summary": {"covered_lines": 10, "num_statements": 10, "percent_covered": 100.0, "percent_covered_display": "100", "missing_lines": 0, "excluded_lines": 0, "percent_statements_covered": 100.0, "percent_statements_covered_display": "100"}, "missing_lines": [], "excluded_lines": []}, "main": {"executed_lines": [68, 73, 75, 76, 84, 85, 86, 89, 90, 94, 100, 101, 102, 104, 105, 106, 110, 112, 119, 120, 123, 124, 126, 137, 138, 139, 140, 142, 145, 146, 149, 151, 152, 155, 156, 158, 159, 168, 170], "summary": {"covered_lines": 39, "num_statements": 52, "percent_covered": 75.0, "percent_covered_display": "75", "missing_lines": 13, "excluded_lines": 0, "percent_statements_covered": 75.0, "percent_statements_covered_display": "75"}, "missing_lines": [69, 70, 77, 78, 79, 91, 92, 107, 108, 115, 116, 117, 143], "excluded_lines": []}, "": {"executed_lines": [1, 3, 4, 5, 6, 8, 10, 11, 12, 17, 35, 56], "summary": {"covered_lines": 12, "num_statements": 12, "percent_covered": 100.0, "percent_covered_display": "100", "missing_lines": 0, "excluded_lines": 0, "percent_statements_covered": 100.0, "percent_statements_covered_display": "100"}, "missing_lines": [], "excluded_lines": []}}, "classes": {"": {"executed_lines": [1, 3, 4, 5, 6, 8, 10, 11, 12, 17, 18, 22, 23, 24, 25, 35, 37, 38, 39, 40, 43, 44, 45, 48, 49, 53, 56, 68, 73, 75, 76, 84, 85, 86, 89, 90, 94, 100, 101, 102, 104, 105, 106, 110, 112, 119, 120, 123, 124, 126, 137, 138, 139, 140, 142, 145, 146, 149, 151, 152, 155, 156, 158, 159, 168, 170], "summary": {"covered_lines": 66, "num_statements": 87, "percent_covered": 75.86206896551724, "percent_covered_display": "76", "missing_lines": 21, "excluded_lines": 0, "percent_statements_covered": 75.86206896551724, "percent_statements_covered_display": "76"}, "missing_lines": [19, 20, 27, 28, 29, 30, 31, 32, 69, 70, 77, 78, 79, 91, 92, 107, 108, 115, 116, 117, 143], "excluded_lines": []}}}, "src/lumyn/cli/commands/doctor.py": {"executed_lines": [1, 3, 5, 7, 8, 10, 11, 13, 16, 17, 29, 30, 31, 33, 36, 39, 42, 43, 44, 45, 47, 48, 49, 50, 51, 52, 53], "summary": {"covered_lines": 27, "num_statements": 30, "percent_covered": 90.0, "percent_covered_display": "90", "missing_lines": 3, "excluded_lines": 0, "percent_statements_covered": 90.0, "percent_statements_covered_display": "90"}, "missing_lines": [34, 37, 40], "excluded_lines": [], "functions": {"main": {"executed_lines": [29, 30, 31, 33, 36, 39, 42, 43, 44, 45, 47, 48, 49, 50, 51, 52, 53], "summary": {"covered_lines": 17, "num_statements": 20, "percent_covered": 85.0, "percent_covered_display": "85", "missing_lines": 3, "excluded_lines": 0, "percent_statements_covered": 85.0, "percent_statements_covered_display": "85"}, "missing_lines": [34, 37, 40], "excluded_lines": []}, "": {"executed_lines": [1, 3, 5, 7, 8, 10, 11, 13, 16, 17], "summary": {"covered_lines": 10, "num_statements": 10, "percent_covered": 100.0, "percent_covered_display": "100", "missing_lines": 0, "excluded_lines": 0, "percent_statements_covered": 100.0, "percent_statements_covered_display": "100"}, "missing_lines": [], "excluded_lines": []}}, "classes": {"": {"executed_lines": [1, 3, 5, 7, 8, 10, 11, 13, 16, 17, 29, 30, 31, 33, 36, 39, 42, 43, 44, 45, 47, 48, 49, 50, 51, 52, 53], "summary": {"covered_lines": 27, "num_statements": 30, "percent_covered": 90.0, "percent_covered_display": "90", "missing_lines": 3, "excluded_lines": 0, "percent_statements_covered": 90.0, "percent_statements_covered_display": "90"}, "missing_lines": [34, 37, 40], "excluded_lines": []}}}, "src/lumyn/cli/commands/explain.py": {"executed_lines": [1, 3, 5, 7, 8, 10, 11, 13, 16, 17, 23, 24, 29, 30, 31, 34, 35, 37, 38, 41, 43, 45, 46, 50, 52, 53, 57, 59, 60, 64, 66, 67, 71, 73, 74, 78, 80, 81, 85, 86, 103, 105, 106, 107, 108, 109, 110, 111, 112, 114, 118], "summary": {"covered_lines": 51, "num_statements": 64, "percent_covered": 79.6875, "percent_covered_display": "80", "missing_lines": 13, "excluded_lines": 0, "percent_statements_covered": 79.6875, "percent_statements_covered_display": "80"}, "missing_lines": [25, 32, 40, 48, 55, 62, 69, 76, 83, 113, 119, 120, 121], "excluded_lines": [], "functions": {"main": {"executed_lines": [23, 24, 29, 30, 31, 34, 35, 37, 38, 41, 43, 45, 46, 50, 52, 53, 57, 59, 60, 64, 66, 67, 71, 73, 74, 78, 80, 81, 85, 86, 103, 105, 106, 107, 108, 109, 110, 111, 112, 114, 118], "summary": {"covered_lines": 41, "num_statements": 54, "percent_covered": 75.92592592592592, "percent_covered_display": "76", "missing_lines": 13, "excluded_lines": 0, "percent_statements_covered": 75.92592592592592, "percent_statements_covered_display": "76"}, "missing_lines": [25, 32, 40, 48, 55, 62, 69, 76, 83, 113, 119, 120, 121], "excluded_lines": []}, "": {"executed_lines": [1, 3, 5, 7, 8, 10, 11, 13, 16, 17], "summary": {"covered_lines": 10, "num_statements": 10, "percent_covered": 100.0, "percent_covered_display": "100", "missing_lines": 0, "excluded_lines": 0, "percent_statements_covered": 100.0, "percent_statements_covered_display": "100"}, "missing_lines": [], "excluded_lines": []}}, "classes": {"": {"executed_lines": [1, 3, 5, 7, 8, 10, 11, 13, 16, 17, 23, 24, 29, 30, 31, 34, 35, 37, 38, 41, 43, 45, 46, 50, 52, 53, 57, 59, 60, 64, 66, 67, 71, 73, 74, 78, 80, 81, 85, 86, 103, 105, 106, 107, 108, 109, 110, 111, 112, 114, 118], "summary": {"covered_lines": 51, "num_statements": 64, "percent_covered": 79.6875, "percent_covered_display": "80", "missing_lines": 13, "excluded_lines": 0, "percent_statements_covered": 79.6875, "percent_statements_covered_display": "80"}, "missing_lines": [25, 32, 40, 48, 55, 62, 69, 76, 83, 113, 119, 120, 121], "excluded_lines": []}}}, "src/lumyn/cli/commands/export.py": {"executed_lines": [1, 3, 4, 5, 7, 9, 11, 12, 14, 17, 18, 21, 22, 25, 26, 45, 46, 51, 52, 53, 54, 57, 58, 60, 65, 68, 72, 73, 74, 75, 76, 77, 78, 98, 99], "summary": {"covered_lines": 35, "num_statements": 40, "percent_covered": 87.5, "percent_covered_display": "88", "missing_lines": 5, "excluded_lines": 0, "percent_statements_covered": 87.5, "percent_statements_covered_display": "88"}, "missing_lines": [47, 55, 59, 66, 101], "excluded_lines": [], "functions": {"_json_pretty": {"executed_lines": [18], "summary": {"covered_lines": 1, "num_statements": 1, "percent_covered": 100.0, "percent_covered_display": "100", "missing_lines": 0, "excluded_lines": 0, "percent_statements_covered": 100.0, "percent_statements_covered_display": "100"}, "missing_lines": [], "excluded_lines": []}, "_zip_write_text": {"executed_lines": [22], "summary": {"covered_lines": 1, "num_statements": 1, "percent_covered": 100.0, "percent_covered_display": "100", "missing_lines": 0, "excluded_lines": 0, "percent_statements_covered": 100.0, "percent_statements_covered_display": "100"}, "missing_lines": [], "excluded_lines": []}, "main": {"executed_lines": [45, 46, 51, 52, 53, 54, 57, 58, 60, 65, 68, 72, 73, 74, 75, 76, 77, 78, 98, 99], "summary": {"covered_lines": 20, "num_statements": 25, "percent_covered": 80.0, "percent_covered_display": "80", "missing_lines": 5, "excluded_lines": 0, "percent_statements_covered": 80.0, "percent_statements_covered_display": "80"}, "missing_lines": [47, 55, 59, 66, 101], "excluded_lines": []}, "": {"executed_lines": [1, 3, 4, 5, 7, 9, 11, 12, 14, 17, 21, 25, 26], "summary": {"covered_lines": 13, "num_statements": 13, "percent_covered": 100.0, "percent_covered_display": "100", "missing_lines": 0, "excluded_lines": 0, "percent_statements_covered": 100.0, "percent_statements_covered_display": "100"}, "missing_lines": [], "excluded_lines": []}}, "classes": {"": {"executed_lines": [1, 3, 4, 5, 7, 9, 11, 12, 14, 17, 18, 21, 22, 25, 26, 45, 46, 51, 52, 53, 54, 57, 58, 60, 65, 68, 72, 73, 74, 75, 76, 77, 78, 98, 99], "summary": {"covered_lines": 35, "num_statements": 40, "percent_covered": 87.5, "percent_covered_display": "88", "missing_lines": 5, "excluded_lines": 0, "percent_statements_covered": 87.5, "percent_statements_covered_display": "88"}, "missing_lines": [47, 55, 59, 66, 101], "excluded_lines": []}}}, "src/lumyn/cli/commands/init.py": {"executed_lines": [1, 3, 5, 7, 8, 10, 12, 14, 17, 18, 19, 21, 22, 24, 25, 28, 30, 31, 34, 35, 49, 51, 52, 53, 54], "summary": {"covered_lines": 25, "num_statements": 27, "percent_covered": 92.5925925925926, "percent_covered_display": "93", "missing_lines": 2, "excluded_lines": 0, "percent_statements_covered": 92.5925925925926, "percent_statements_covered_display": "93"}, "missing_lines": [26, 27], "excluded_lines": [], "functions": {"initialize_workspace": {"executed_lines": [18, 19, 21, 22, 24, 25, 28, 30, 31], "summary": {"covered_lines": 9, "num_statements": 11, "percent_covered": 81.81818181818181, "percent_covered_display": "82", "missing_lines": 2, "excluded_lines": 0, "percent_statements_covered": 81.81818181818181, "percent_statements_covered_display": "82"}, "missing_lines": [26, 27], "excluded_lines": []}, "main": {"executed_lines": [49, 51, 52, 53, 54], "summary": {"covered_lines": 5, "num_statements": 5, "percent_covered": 100.0, "percent_covered_display": "100", "missing_lines": 0, "excluded_lines": 0, "percent_statements_covered": 100.0, "percent_statements_covered_display": "100"}, "missing_lines": [], "excluded_lines": []}, "": {"executed_lines": [1, 3, 5, 7, 8, 10, 12, 14, 17, 34, 35], "summary": {"covered_lines": 11, "num_statements": 11, "percent_covered": 100.0, "percent_covered_display": "100", "missing_lines": 0, "excluded_lines": 0, "percent_statements_covered": 100.0, "percent_statements_covered_display": "100"}, "missing_lines": [], "excluded_lines": []}}, "classes": {"": {"executed_lines": [1, 3, 5, 7, 8, 10, 12, 14, 17, 18, 19, 21, 22, 24, 25, 28, 30, 31, 34, 35, 49, 51, 52, 53, 54], "summary": {"covered_lines": 25, "num_statements": 27, "percent_covered": 92.5925925925926, "percent_covered_display": "93", "missing_lines": 2, "excluded_lines": 0, "percent_statements_covered": 92.5925925925926, "percent_statements_covered_display": "93"}, "missing_lines": [26, 27], "excluded_lines": []}}}, "src/lumyn/cli/commands/label.py": {"executed_lines": [1, 3, 4, 6, 8, 9, 11, 12, 14, 17, 18, 20, 21, 27, 30, 31, 34, 35, 37, 39, 40, 43, 50, 52, 53, 56, 57, 60, 61, 72, 73, 76, 77, 82, 83, 84, 87, 89, 99, 104, 113, 114], "summary": {"covered_lines": 42, "num_statements": 59, "percent_covered": 71.1864406779661, "percent_covered_display": "71", "missing_lines": 17, "excluded_lines": 0, "percent_statements_covered": 71.1864406779661, "percent_statements_covered_display": "71"}, "missing_lines": [19, 22, 23, 24, 32, 42, 55, 74, 78, 85, 90, 91, 92, 94, 95, 96, 97], "excluded_lines": [], "functions": {"_amount_bucket": {"executed_lines": [18, 20, 21], "summary": {"covered_lines": 3, "num_statements": 7, "percent_covered": 42.857142857142854, "percent_covered_display": "43", "missing_lines": 4, "excluded_lines": 0, "percent_statements_covered": 42.857142857142854, "percent_statements_covered_display": "43"}, "missing_lines": [19, 22, 23, 24], "excluded_lines": []}, "_extract_feature_and_action_type": {"executed_lines": [30, 31, 34, 35, 37, 39, 40, 43, 50, 52, 53, 56, 57], "summary": {"covered_lines": 13, "num_statements": 16, "percent_covered": 81.25, "percent_covered_display": "81", "missing_lines": 3, "excluded_lines": 0, "percent_statements_covered": 81.25, "percent_statements_covered_display": "81"}, "missing_lines": [32, 42, 55], "excluded_lines": []}, "main": {"executed_lines": [72, 73, 76, 77, 82, 83, 84, 87, 89, 99, 104, 113, 114], "summary": {"covered_lines": 13, "num_statements": 23, "percent_covered": 56.52173913043478, "percent_covered_display": "57", "missing_lines": 10, "excluded_lines": 0, "percent_statements_covered": 56.52173913043478, "percent_statements_covered_display": "57"}, "missing_lines": [74, 78, 85, 90, 91, 92, 94, 95, 96, 97], "excluded_lines": []}, "": {"executed_lines": [1, 3, 4, 6, 8, 9, 11, 12, 14, 17, 27, 60, 61], "summary": {"covered_lines": 13, "num_statements": 13, "percent_covered": 100.0, "percent_covered_display": "100", "missing_lines": 0, "excluded_lines": 0, "percent_statements_covered": 100.0, "percent_statements_covered_display": "100"}, "missing_lines": [], "excluded_lines": []}}, "classes": {"": {"executed_lines": [1, 3, 4, 6, 8, 9, 11, 12, 14, 17, 18, 20, 21, 27, 30, 31, 34, 35, 37, 39, 40, 43, 50, 52, 53, 56, 57, 60, 61, 72, 73, 76, 77, 82, 83, 84, 87, 89, 99, 104, 113, 114], "summary": {"covered_lines": 42, "num_statements": 59, "percent_covered": 71.1864406779661, "percent_covered_display": "71", "missing_lines": 17, "excluded_lines": 0, "percent_statements_covered": 71.1864406779661, "percent_statements_covered_display": "71"}, "missing_lines": [19, 22, 23, 24, 32, 42, 55, 74, 78, 85, 90, 91, 92, 94, 95, 96, 97], "excluded_lines": []}}}, "src/lumyn/cli/commands/learn.py": {"executed_lines": [1, 2, 3, 5, 6, 8, 9, 10, 11, 13, 16, 26, 27, 31, 34, 35, 36, 37, 38, 39, 43, 44, 45, 46, 49, 50, 51, 54, 63, 64, 66, 67, 68], "summary": {"covered_lines": 33, "num_statements": 37, "percent_covered": 89.1891891891892, "percent_covered_display": "89", "missing_lines": 4, "excluded_lines": 0, "percent_statements_covered": 89.1891891891892, "percent_statements_covered_display": "89"}, "missing_lines": [28, 29, 40, 41], "excluded_lines": [], "functions": {"main": {"executed_lines": [26, 27, 31, 34, 35, 36, 37, 38, 39, 43, 44, 45, 46, 49, 50, 51, 54, 63, 64, 66, 67, 68], "summary": {"covered_lines": 22, "num_statements": 26, "percent_covered": 84.61538461538461, "percent_covered_display": "85", "missing_lines": 4, "excluded_lines": 0, "percent_statements_covered": 84.61538461538461, "percent_statements_covered_display": "85"}, "missing_lines": [28, 29, 40, 41], "excluded_lines": []}, "": {"executed_lines": [1, 2, 3, 5, 6, 8, 9, 10, 11, 13, 16], "summary": {"covered_lines": 11, "num_statements": 11, "percent_covered": 100.0, "percent_covered_display": "100", "missing_lines": 0, "excluded_lines": 0, "percent_statements_covered": 100.0, "percent_statements_covered_display": "100"}, "missing_lines": [], "excluded_lines": []}}, "classes": {"": {"executed_lines": [1, 2, 3, 5, 6, 8, 9, 10, 11, 13, 16, 26, 27, 31, 34, 35, 36, 37, 38, 39, 43, 44, 45, 46, 49, 50, 51, 54, 63, 64, 66, 67, 68], "summary": {"covered_lines": 33, "num_statements": 37, "percent_covered": 89.1891891891892, "percent_covered_display": "89", "missing_lines": 4, "excluded_lines": 0, "percent_statements_covered": 89.1891891891892, "percent_statements_covered_display": "89"}, "missing_lines": [28, 29, 40, 41], "excluded_lines": []}}}, "src/lumyn/cli/commands/migrate.py": {"executed_lines": [1, 3, 5, 6, 8, 10, 12, 15, 16, 32, 35, 38, 39, 43, 46, 47, 48, 52, 53, 54, 55, 56], "summary": {"covered_lines": 22, "num_statements": 28, "percent_covered": 78.57142857142857, "percent_covered_display": "79", "missing_lines": 6, "excluded_lines": 0, "percent_statements_covered": 78.57142857142857, "percent_statements_covered_display": "79"}, "missing_lines": [33, 36, 40, 41, 49, 50], "excluded_lines": [], "functions": {"main": {"executed_lines": [32, 35, 38, 39, 43, 46, 47, 48, 52, 53, 54, 55, 56], "summary": {"covered_lines": 13, "num_statements": 19, "percent_covered": 68.42105263157895, "percent_covered_display": "68", "missing_lines": 6, "excluded_lines": 0, "percent_statements_covered": 68.42105263157895, "percent_statements_covered_display": "68"}, "missing_lines": [33, 36, 40, 41, 49, 50], "excluded_lines": []}, "": {"executed_lines": [1, 3, 5, 6, 8, 10, 12, 15, 16], "summary": {"covered_lines": 9, "num_statements": 9, "percent_covered": 100.0, "percent_covered_display": "100", "missing_lines": 0, "excluded_lines": 0, "percent_statements_covered": 100.0, "percent_statements_covered_display": "100"}, "missing_lines": [], "excluded_lines": []}}, "classes": {"": {"executed_lines": [1, 3, 5, 6, 8, 10, 12, 15, 16, 32, 35, 38, 39, 43, 46, 47, 48, 52, 53, 54, 55, 56], "summary": {"covered_lines": 22, "num_statements": 28, "percent_covered": 78.57142857142857, "percent_covered_display": "79", "missing_lines": 6, "excluded_lines": 0, "percent_statements_covered": 78.57142857142857, "percent_statements_covered_display": "79"}, "missing_lines": [33, 36, 40, 41, 49, 50], "excluded_lines": []}}}, "src/lumyn/cli/commands/monitor.py": {"executed_lines": [1, 3, 4, 6, 8, 9, 12, 24, 25, 29, 34, 35, 37, 40, 42, 43, 44, 45, 46, 47, 51, 52, 54, 55, 56, 61, 63, 64, 65, 66, 67, 68, 71, 72, 73, 74, 75, 83, 85, 86, 87, 88, 90, 92, 93, 94, 95], "summary": {"covered_lines": 47, "num_statements": 54, "percent_covered": 87.03703703703704, "percent_covered_display": "87", "missing_lines": 7, "excluded_lines": 0, "percent_statements_covered": 87.03703703703704, "percent_statements_covered_display": "87"}, "missing_lines": [26, 27, 49, 76, 77, 78, 79], "excluded_lines": [], "functions": {"main": {"executed_lines": [24, 25, 29, 34, 35, 37, 40, 42, 43, 44, 45, 46, 47, 51, 52, 54, 55, 56, 61, 63, 64, 65, 66, 67, 68, 71, 72, 73, 74, 75, 83, 85, 86, 87, 88, 90, 92, 93, 94, 95], "summary": {"covered_lines": 40, "num_statements": 47, "percent_covered": 85.1063829787234, "percent_covered_display": "85", "missing_lines": 7, "excluded_lines": 0, "percent_statements_covered": 85.1063829787234, "percent_statements_covered_display": "85"}, "missing_lines": [26, 27, 49, 76, 77, 78, 79], "excluded_lines": []}, "": {"executed_lines": [1, 3, 4, 6, 8, 9, 12], "summary": {"covered_lines": 7, "num_statements": 7, "percent_covered": 100.0, "percent_covered_display": "100", "missing_lines": 0, "excluded_lines": 0, "percent_statements_covered": 100.0, "percent_statements_covered_display": "100"}, "missing_lines": [], "excluded_lines": []}}, "classes": {"": {"executed_lines": [1, 3, 4, 6, 8, 9, 12, 24, 25, 29, 34, 35, 37, 40, 42, 43, 44, 45, 46, 47, 51, 52, 54, 55, 56, 61, 63, 64, 65, 66, 67, 68, 71, 72, 73, 74, 75, 83, 85, 86, 87, 88, 90, 92, 93, 94, 95], "summary": {"covered_lines": 47, "num_statements": 54, "percent_covered": 87.03703703703704, "percent_covered_display": "87", "missing_lines": 7, "excluded_lines": 0, "percent_statements_covered": 87.03703703703704, "percent_statements_covered_display": "87"}, "missing_lines": [26, 27, 49, 76, 77, 78, 79], "excluded_lines": []}}}, "src/lumyn/cli/commands/policy.py": {"executed_lines": [1, 3, 5, 7, 9, 11, 14, 15], "summary": {"covered_lines": 8, "num_statements": 17, "percent_covered": 47.05882352941177, "percent_covered_display": "47", "missing_lines": 9, "excluded_lines": 0, "percent_statements_covered": 47.05882352941177, "percent_statements_covered_display": "47"}, "missing_lines": [24, 25, 26, 27, 29, 30, 31, 32, 33], "excluded_lines": [], "functions": {"validate": {"executed_lines": [], "summary": {"covered_lines": 0, "num_statements": 9, "percent_covered": 0.0, "percent_covered_display": "0", "missing_lines": 9, "excluded_lines": 0, "percent_statements_covered": 0.0, "percent_statements_covered_display": "0"}, "missing_lines": [24, 25, 26, 27, 29, 30, 31, 32, 33], "excluded_lines": []}, "": {"executed_lines": [1, 3, 5, 7, 9, 11, 14, 15], "summary": {"covered_lines": 8, "num_statements": 8, "percent_covered": 100.0, "percent_covered_display": "100", "missing_lines": 0, "excluded_lines": 0, "percent_statements_covered": 100.0, "percent_statements_covered_display": "100"}, "missing_lines": [], "excluded_lines": []}}, "classes": {"": {"executed_lines": [1, 3, 5, 7, 9, 11, 14, 15], "summary": {"covered_lines": 8, "num_statements": 17, "percent_covered": 47.05882352941177, "percent_covered_display": "47", "missing_lines": 9, "excluded_lines": 0, "percent_statements_covered": 47.05882352941177, "percent_statements_covered_display": "47"}, "missing_lines": [24, 25, 26, 27, 29, 30, 31, 32, 33], "excluded_lines": []}}}, "src/lumyn/cli/commands/replay.py": {"executed_lines": [1, 3, 4, 5, 6, 8, 9, 10, 12, 13, 14, 15, 16, 17, 19, 21, 23, 27, 33, 34, 35, 38, 39, 41, 44, 45, 46, 51, 58, 59, 60, 61, 62, 63, 66, 67, 72, 74, 77, 78, 79, 80, 82, 83, 88, 91, 93, 94, 99, 102, 104, 105, 107, 108, 110, 111, 116, 121, 124, 126, 128, 129, 133, 134, 137, 138, 139, 140, 142, 143, 146, 152, 153, 154, 156, 157, 161, 163, 164, 168, 170, 171, 175, 194, 195, 196, 197, 198, 199, 200, 201], "summary": {"covered_lines": 91, "num_statements": 107, "percent_covered": 85.04672897196262, "percent_covered_display": "85", "missing_lines": 16, "excluded_lines": 0, "percent_statements_covered": 85.04672897196262, "percent_statements_covered_display": "85"}, "missing_lines": [36, 37, 40, 47, 48, 73, 75, 109, 131, 135, 145, 147, 159, 166, 173, 176], "excluded_lines": [], "functions": {"_zip_read_json": {"executed_lines": [34, 35, 38, 39, 41], "summary": {"covered_lines": 5, "num_statements": 8, "percent_covered": 62.5, "percent_covered_display": "62", "missing_lines": 3, "excluded_lines": 0, "percent_statements_covered": 62.5, "percent_statements_covered_display": "62"}, "missing_lines": [36, 37, 40], "excluded_lines": []}, "_zip_read_text": {"executed_lines": [45, 46], "summary": {"covered_lines": 2, "num_statements": 4, "percent_covered": 50.0, "percent_covered_display": "50", "missing_lines": 2, "excluded_lines": 0, "percent_statements_covered": 50.0, "percent_statements_covered_display": "50"}, "missing_lines": [47, 48], "excluded_lines": []}, "_decision_request_for_inputs_digest": {"executed_lines": [58, 59, 60, 61, 62, 63], "summary": {"covered_lines": 6, "num_statements": 6, "percent_covered": 100.0, "percent_covered_display": "100", "missing_lines": 0, "excluded_lines": 0, "percent_statements_covered": 100.0, "percent_statements_covered_display": "100"}, "missing_lines": [], "excluded_lines": []}, "main": {"executed_lines": [72, 74, 77, 78, 79, 80, 82, 83, 88, 91, 93, 94, 99, 102, 104, 105, 107, 108, 110, 111, 116, 121, 124, 126, 128, 129, 133, 134, 137, 138, 139, 140, 142, 143, 146, 152, 153, 154, 156, 157, 161, 163, 164, 168, 170, 171, 175, 194, 195, 196, 197, 198, 199, 200, 201], "summary": {"covered_lines": 55, "num_statements": 66, "percent_covered": 83.33333333333333, "percent_covered_display": "83", "missing_lines": 11, "excluded_lines": 0, "percent_statements_covered": 83.33333333333333, "percent_statements_covered_display": "83"}, "missing_lines": [73, 75, 109, 131, 135, 145, 147, 159, 166, 173, 176], "excluded_lines": []}, "": {"executed_lines": [1, 3, 4, 5, 6, 8, 9, 10, 12, 13, 14, 15, 16, 17, 19, 21, 23, 27, 33, 44, 51, 66, 67], "summary": {"covered_lines": 23, "num_statements": 23, "percent_covered": 100.0, "percent_covered_display": "100", "missing_lines": 0, "excluded_lines": 0, "percent_statements_covered": 100.0, "percent_statements_covered_display": "100"}, "missing_lines": [], "excluded_lines": []}}, "classes": {"": {"executed_lines": [1, 3, 4, 5, 6, 8, 9, 10, 12, 13, 14, 15, 16, 17, 19, 21, 23, 27, 33, 34, 35, 38, 39, 41, 44, 45, 46, 51, 58, 59, 60, 61, 62, 63, 66, 67, 72, 74, 77, 78, 79, 80, 82, 83, 88, 91, 93, 94, 99, 102, 104, 105, 107, 108, 110, 111, 116, 121, 124, 126, 128, 129, 133, 134, 137, 138, 139, 140, 142, 143, 146, 152, 153, 154, 156, 157, 161, 163, 164, 168, 170, 171, 175, 194, 195, 196, 197, 198, 199, 200, 201], "summary": {"covered_lines": 91, "num_statements": 107, "percent_covered": 85.04672897196262, "percent_covered_display": "85", "missing_lines": 16, "excluded_lines": 0, "percent_statements_covered": 85.04672897196262, "percent_statements_covered_display": "85"}, "missing_lines": [36, 37, 40, 47, 48, 73, 75, 109, 131, 135, 145, 147, 159, 166, 173, 176], "excluded_lines": []}}}, "src/lumyn/cli/commands/serve.py": {"executed_lines": [1, 3, 5, 7, 9, 11, 14, 15, 29, 30, 34, 35, 36, 37, 38, 39, 40, 41, 43, 44, 48], "summary": {"covered_lines": 21, "num_statements": 28, "percent_covered": 75.0, "percent_covered_display": "75", "missing_lines": 7, "excluded_lines": 0, "percent_statements_covered": 75.0, "percent_statements_covered_display": "75"}, "missing_lines": [31, 32, 50, 51, 52, 53, 58], "excluded_lines": [], "functions": {"main": {"executed_lines": [29, 30, 34, 35, 36, 37, 38, 39, 40, 41, 43, 44, 48], "summary": {"covered_lines": 13, "num_statements": 20, "percent_covered": 65.0, "percent_covered_display": "65", "missing_lines": 7, "excluded_lines": 0, "percent_statements_covered": 65.0, "percent_statements_covered_display": "65"}, "missing_lines": [31, 32, 50, 51, 52, 53, 58], "excluded_lines": []}, "": {"executed_lines": [1, 3, 5, 7, 9, 11, 14, 15], "summary": {"covered_lines": 8, "num_statements": 8, "percent_covered": 100.0, "percent_covered_display": "100", "missing_lines": 0, "excluded_lines": 0, "percent_statements_covered": 100.0, "percent_statements_covered_display": "100"}, "missing_lines": [], "excluded_lines": []}}, "classes": {"": {"executed_lines": [1, 3, 5, 7, 9, 11, 14, 15, 29, 30, 34, 35, 36, 37, 38, 39, 40, 41, 43, 44, 48], "summary": {"covered_lines": 21, "num_statements": 28, "percent_covered": 75.0, "percent_covered_display": "75", "missing_lines": 7, "excluded_lines": 0, "percent_statements_covered": 75.0, "percent_statements_covered_display": "75"}, "missing_lines": [31, 32, 50, 51, 52, 53, 58], "excluded_lines": []}}}, "src/lumyn/cli/commands/show.py": {"executed_lines": [1, 3, 5, 7, 9, 10, 12, 15, 16, 23, 24, 29, 30, 31, 34], "summary": {"covered_lines": 15, "num_statements": 17, "percent_covered": 88.23529411764706, "percent_covered_display": "88", "missing_lines": 2, "excluded_lines": 0, "percent_statements_covered": 88.23529411764706, "percent_statements_covered_display": "88"}, "missing_lines": [25, 32], "excluded_lines": [], "functions": {"main": {"executed_lines": [23, 24, 29, 30, 31, 34], "summary": {"covered_lines": 6, "num_statements": 8, "percent_covered": 75.0, "percent_covered_display": "75", "missing_lines": 2, "excluded_lines": 0, "percent_statements_covered": 75.0, "percent_statements_covered_display": "75"}, "missing_lines": [25, 32], "excluded_lines": []}, "": {"executed_lines": [1, 3, 5, 7, 9, 10, 12, 15, 16], "summary": {"covered_lines": 9, "num_statements": 9, "percent_covered": 100.0, "percent_covered_display": "100", "missing_lines": 0, "excluded_lines": 0, "percent_statements_covered": 100.0, "percent_statements_covered_display": "100"}, "missing_lines": [], "excluded_lines": []}}, "classes": {"": {"executed_lines": [1, 3, 5, 7, 9, 10, 12, 15, 16, 23, 24, 29, 30, 31, 34], "summary": {"covered_lines": 15, "num_statements": 17, "percent_covered": 88.23529411764706, "percent_covered_display": "88", "missing_lines": 2, "excluded_lines": 0, "percent_statements_covered": 88.23529411764706, "percent_statements_covered_display": "88"}, "missing_lines": [25, 32], "excluded_lines": []}}}, "src/lumyn/cli/main.py": {"executed_lines": [1, 3, 5, 6, 7, 8, 9, 10, 11, 12, 13, 14, 15, 16, 17, 18, 19, 20, 22, 25, 26, 30, 31, 34, 37, 38, 39, 40, 41, 42, 43, 44, 45, 46, 47, 48, 49, 50, 51, 52, 55], "summary": {"covered_lines": 41, "num_statements": 42, "percent_covered": 97.61904761904762, "percent_covered_display": "98", "missing_lines": 1, "excluded_lines": 0, "percent_statements_covered": 97.61904761904762, "percent_statements_covered_display": "98"}, "missing_lines": [56], "excluded_lines": [], "functions": {"_root": {"executed_lines": [], "summary": {"covered_lines": 0, "num_statements": 0, "percent_covered": 100.0, "percent_covered_display": "100", "missing_lines": 0, "excluded_lines": 0, "percent_statements_covered": 100.0, "percent_statements_covered_display": "100"}, "missing_lines": [], "excluded_lines": []}, "version": {"executed_lines": [34], "summary": {"covered_lines": 1, "num_statements": 1, "percent_covered": 100.0, "percent_covered_display": "100", "missing_lines": 0, "excluded_lines": 0, "percent_statements_covered": 100.0, "percent_statements_covered_display": "100"}, "missing_lines": [], "excluded_lines": []}, "main": {"executed_lines": [], "summary": {"covered_lines": 0, "num_statements": 1, "percent_covered": 0.0, "percent_covered_display": "0", "missing_lines": 1, "excluded_lines": 0, "percent_statements_covered": 0.0, "percent_statements_covered_display": "0"}, "missing_lines": [56], "excluded_lines": []}, "": {"executed_lines": [1, 3, 5, 6, 7, 8, 9, 10, 11, 12, 13, 14, 15, 16, 17, 18, 19, 20, 22, 25, 26, 30, 31, 37, 38, 39, 40, 41, 42, 43, 44, 45, 46, 47, 48, 49, 50, 51, 52, 55], "summary": {"covered_lines": 40, "num_statements": 40, "percent_covered": 100.0, "percent_covered_display": "100", "missing_lines": 0, "excluded_lines": 0, "percent_statements_covered": 100.0, "percent_statements_covered_display": "100"}, "missing_lines": [], "excluded_lines": []}}, "classes": {"": {"executed_lines": [1, 3, 5, 6, 7, 8, 9, 10, 11, 12, 13, 14, 15, 16, 17, 18, 19, 20, 22, 25, 26, 30, 31, 34, 37, 38, 39, 40, 41, 42, 43, 44, 45, 46, 47, 48, 49, 50, 51, 52, 55], "summary": {"covered_lines": 41, "num_statements": 42, "percent_covered": 97.61904761904762, "percent_covered_display": "98", "missing_lines": 1, "excluded_lines": 0, "percent_statements_covered": 97.61904761904762, "percent_statements_covered_display": "98"}, "missing_lines": [56], "excluded_lines": []}}}, "src/lumyn/cli/markdown.py": {"executed_lines": [1, 3, 6, 7, 10, 11, 12, 13, 14, 15, 16, 17, 18, 19, 20, 23, 24, 25, 26, 27, 29, 30, 31, 32, 33, 34, 35, 36, 37, 38, 39, 40, 41, 44, 56, 57, 58, 59, 60, 61, 62, 63, 64, 66, 67, 68, 69, 70, 76, 77, 78, 79, 80, 82, 83], "summary": {"covered_lines": 55, "num_statements": 56, "percent_covered": 98.21428571428571, "percent_covered_display": "98", "missing_lines": 1, "excluded_lines": 0, "percent_statements_covered": 98.21428571428571, "percent_statements_covered_display": "98"}, "missing_lines": [8], "excluded_lines": [], "functions": {"_truncate_lines": {"executed_lines": [7, 10, 11, 12, 13, 14, 15, 16, 17, 18, 19, 20], "summary": {"covered_lines": 12, "num_statements": 13, "percent_covered": 92.3076923076923, "percent_covered_display": "92", "missing_lines": 1, "excluded_lines": 0, "percent_statements_covered": 92.3076923076923, "percent_statements_covered_display": "92"}, "missing_lines": [8], "excluded_lines": []}, "_format_obligation": {"executed_lines": [24, 25, 26, 27, 29, 30, 31, 32, 33, 34, 35, 36, 37, 38, 39, 40, 41], "summary": {"covered_lines": 17, "num_statements": 17, "percent_covered": 100.0, "percent_covered_display": "100", "missing_lines": 0, "excluded_lines": 0, "percent_statements_covered": 100.0, "percent_statements_covered_display": "100"}, "missing_lines": [], "excluded_lines": []}, "render_ticket_summary_markdown": {"executed_lines": [56, 57, 58, 59, 60, 61, 62, 63, 64, 66, 67, 68, 69, 70, 76, 77, 78, 79, 80, 82, 83], "summary": {"covered_lines": 21, "num_statements": 21, "percent_covered": 100.0, "percent_covered_display": "100", "missing_lines": 0, "excluded_lines": 0, "percent_statements_covered": 100.0, "percent_statements_covered_display": "100"}, "missing_lines": [], "excluded_lines": []}, "": {"executed_lines": [1, 3, 6, 23, 44], "summary": {"covered_lines": 5, "num_statements": 5, "percent_covered": 100.0, "percent_covered_display": "100", "missing_lines": 0, "excluded_lines": 0, "percent_statements_covered": 100.0, "percent_statements_covered_display": "100"}, "missing_lines": [], "excluded_lines": []}}, "classes": {"": {"executed_lines": [1, 3, 6, 7, 10, 11, 12, 13, 14, 15, 16, 17, 18, 19, 20, 23, 24, 25, 26, 27, 29, 30, 31, 32, 33, 34, 35, 36, 37, 38, 39, 40, 41, 44, 56, 57, 58, 59, 60, 61, 62, 63, 64, 66, 67, 68, 69, 70, 76, 77, 78, 79, 80, 82, 83], "summary": {"covered_lines": 55, "num_statements": 56, "percent_covered": 98.21428571428571, "percent_covered_display": "98", "missing_lines": 1, "excluded_lines": 0, "percent_statements_covered": 98.21428571428571, "percent_statements_covered_display": "98"}, "missing_lines": [8], "excluded_lines": []}}}, "src/lumyn/cli/util.py": {"executed_lines": [1, 3, 4, 5, 6, 8, 11, 12, 13, 14, 17, 22, 23, 24, 25, 26, 29, 30, 31, 38, 39, 41, 44, 45, 46, 51, 53, 56, 66, 67, 68, 69, 70], "summary": {"covered_lines": 33, "num_statements": 50, "percent_covered": 66.0, "percent_covered_display": "66", "missing_lines": 17, "excluded_lines": 0, "percent_statements_covered": 66.0, "percent_statements_covered_display": "66"}, "missing_lines": [18, 19, 40, 47, 48, 49, 50, 52, 57, 58, 59, 60, 61, 62, 63, 71, 72], "excluded_lines": [], "functions": {"_json_dumps": {"executed_lines": [12, 13, 14], "summary": {"covered_lines": 3, "num_statements": 3, "percent_covered": 100.0, "percent_covered_display": "100", "missing_lines": 0, "excluded_lines": 0, "percent_statements_covered": 100.0, "percent_statements_covered_display": "100"}, "missing_lines": [], "excluded_lines": []}, "die": {"executed_lines": [], "summary": {"covered_lines": 0, "num_statements": 2, "percent_covered": 0.0, "percent_covered_display": "0", "missing_lines": 2, "excluded_lines": 0, "percent_statements_covered": 0.0, "percent_statements_covered_display": "0"}, "missing_lines": [18, 19], "excluded_lines": []}, "resolve_workspace_paths": {"executed_lines": [30, 31], "summary": {"covered_lines": 2, "num_statements": 2, "percent_covered": 100.0, "percent_covered_display": "100", "missing_lines": 0, "excluded_lines": 0, "percent_statements_covered": 100.0, "percent_statements_covered_display": "100"}, "missing_lines": [], "excluded_lines": []}, "read_json_from_path_or_stdin": {"executed_lines": [39, 41], "summary": {"covered_lines": 2, "num_statements": 3, "percent_covered": 66.66666666666667, "percent_covered_display": "67", "missing_lines": 1, "excluded_lines": 0, "percent_statements_covered": 66.66666666666667, "percent_statements_covered_display": "67"}, "missing_lines": [40], "excluded_lines": []}, "read_json_from_file": {"executed_lines": [45, 46, 51, 53], "summary": {"covered_lines": 4, "num_statements": 9, "percent_covered": 44.44444444444444, "percent_covered_display": "44", "missing_lines": 5, "excluded_lines": 0, "percent_statements_covered": 44.44444444444444, "percent_statements_covered_display": "44"}, "missing_lines": [47, 48, 49, 50, 52], "excluded_lines": []}, "read_json_from_stdin": {"executed_lines": [], "summary": {"covered_lines": 0, "num_statements": 7, "percent_covered": 0.0, "percent_covered_display": "0", "missing_lines": 7, "excluded_lines": 0, "percent_statements_covered": 0.0, "percent_statements_covered_display": "0"}, "missing_lines": [57, 58, 59, 60, 61, 62, 63], "excluded_lines": []}, "write_json_to_path_or_stdout": {"executed_lines": [67, 68, 69, 70], "summary": {"covered_lines": 4, "num_statements": 6, "percent_covered": 66.66666666666667, "percent_covered_display": "67", "missing_lines": 2, "excluded_lines": 0, "percent_statements_covered": 66.66666666666667, "percent_statements_covered_display": "67"}, "missing_lines": [71, 72], "excluded_lines": []}, "": {"executed_lines": [1, 3, 4, 5, 6, 8, 11, 17, 22, 23, 24, 25, 26, 29, 38, 44, 56, 66], "summary": {"covered_lines": 18, "num_statements": 18, "percent_covered": 100.0, "percent_covered_display": "100", "missing_lines": 0, "excluded_lines": 0, "percent_statements_covered": 100.0, "percent_statements_covered_display": "100"}, "missing_lines": [], "excluded_lines": []}}, "classes": {"WorkspacePaths": {"executed_lines": [], "summary": {"covered_lines": 0, "num_statements": 0, "percent_covered": 100.0, "percent_covered_display": "100", "missing_lines": 0, "excluded_lines": 0, "percent_statements_covered": 100.0, "percent_statements_covered_display": "100"}, "missing_lines": [], "excluded_lines": []}, "": {"executed_lines": [1, 3, 4, 5, 6, 8, 11, 12, 13, 14, 17, 22, 23, 24, 25, 26, 29, 30, 31, 38, 39, 41, 44, 45, 46, 51, 53, 56, 66, 67, 68, 69, 70], "summary": {"covered_lines": 33, "num_statements": 50, "percent_covered": 66.0, "percent_covered_display": "66", "missing_lines": 17, "excluded_lines": 0, "percent_statements_covered": 66.0, "percent_statements_covered_display": "66"}, "missing_lines": [18, 19, 40, 47, 48, 49, 50, 52, 57, 58, 59, 60, 61, 62, 63, 71, 72], "excluded_lines": []}}}, "src/lumyn/config.py": {"executed_lines": [1, 3, 4, 5, 6, 7, 10, 11, 12, 13, 14, 15, 16, 19, 20, 21, 24, 25, 26, 27, 30, 32, 33, 37, 38, 40, 41, 43, 45, 47, 50, 51, 52, 53, 54, 55, 58, 63, 65, 72, 76, 77, 78, 81, 82, 83, 84, 85, 86, 87, 88, 89, 91, 92, 94, 96, 97, 98, 100, 103, 106, 107, 108, 111, 114, 115, 116, 118], "summary": {"covered_lines": 68, "num_statements": 78, "percent_covered": 87.17948717948718, "percent_covered_display": "87", "missing_lines": 10, "excluded_lines": 0, "percent_statements_covered": 87.17948717948718, "percent_statements_covered_display": "87"}, "missing_lines": [34, 39, 42, 44, 46, 79, 104, 109, 110, 112], "excluded_lines": [], "functions": {"_parse_storage_url": {"executed_lines": [32, 33], "summary": {"covered_lines": 2, "num_statements": 3, "percent_covered": 66.66666666666667, "percent_covered_display": "67", "missing_lines": 1, "excluded_lines": 0, "percent_statements_covered": 66.66666666666667, "percent_statements_covered_display": "67"}, "missing_lines": [34], "excluded_lines": []}, "storage_path_from_url": {"executed_lines": [38, 40, 41, 43, 45, 47], "summary": {"covered_lines": 6, "num_statements": 10, "percent_covered": 60.0, "percent_covered_display": "60", "missing_lines": 4, "excluded_lines": 0, "percent_statements_covered": 60.0, "percent_statements_covered_display": "60"}, "missing_lines": [39, 42, 44, 46], "excluded_lines": []}, "_env_get": {"executed_lines": [51, 52, 53, 54, 55], "summary": {"covered_lines": 5, "num_statements": 5, "percent_covered": 100.0, "percent_covered_display": "100", "missing_lines": 0, "excluded_lines": 0, "percent_statements_covered": 100.0, "percent_statements_covered_display": "100"}, "missing_lines": [], "excluded_lines": []}, "load_settings": {"executed_lines": [63, 65, 72, 76, 77, 78, 81, 82, 83, 84, 85, 86, 87, 88, 89, 91, 92, 94, 96, 97, 98, 100, 103, 106, 107, 108, 111, 114, 115, 116, 118], "summary": {"covered_lines": 31, "num_statements": 36, "percent_covered": 86.11111111111111, "percent_covered_display": "86", "missing_lines": 5, "excluded_lines": 0, "percent_statements_covered": 86.11111111111111, "percent_statements_covered_display": "86"}, "missing_lines": [79, 104, 109, 110, 112], "excluded_lines": []}, "": {"executed_lines": [1, 3, 4, 5, 6, 7, 10, 11, 12, 13, 14, 15, 16, 19, 20, 21, 24, 25, 26, 27, 30, 37, 50, 58], "summary": {"covered_lines": 24, "num_statements": 24, "percent_covered": 100.0, "percent_covered_display": "100", "missing_lines": 0, "excluded_lines": 0, "percent_statements_covered": 100.0, "percent_statements_covered_display": "100"}, "missing_lines": [], "excluded_lines": []}}, "classes": {"LumynSettings": {"executed_lines": [], "summary": {"covered_lines": 0, "num_statements": 0, "percent_covered": 100.0, "percent_covered_display": "100", "missing_lines": 0, "excluded_lines": 0, "percent_statements_covered": 100.0, "percent_statements_covered_display": "100"}, "missing_lines": [], "excluded_lines": []}, "ServiceSettings": {"executed_lines": [], "summary": {"covered_lines": 0, "num_statements": 0, "percent_covered": 100.0, "percent_covered_display": "100", "missing_lines": 0, "excluded_lines": 0, "percent_statements_covered": 100.0, "percent_statements_covered_display": "100"}, "missing_lines": [], "excluded_lines": []}, "Settings": {"executed_lines": [], "summary": {"covered_lines": 0, "num_statements": 0, "percent_covered": 100.0, "percent_covered_display": "100", "missing_lines": 0, "excluded_lines": 0, "percent_statements_covered": 100.0, "percent_statements_covered_display": "100"}, "missing_lines": [], "excluded_lines": []}, "": {"executed_lines": [1, 3, 4, 5, 6, 7, 10, 11, 12, 13, 14, 15, 16, 19, 20, 21, 24, 25, 26, 27, 30, 32, 33, 37, 38, 40, 41, 43, 45, 47, 50, 51, 52, 53, 54, 55, 58, 63, 65, 72, 76, 77, 78, 81, 82, 83, 84, 85, 86, 87, 88, 89, 91, 92, 94, 96, 97, 98, 100, 103, 106, 107, 108, 111, 114, 115, 116, 118], "summary": {"covered_lines": 68, "num_statements": 78, "percent_covered": 87.17948717948718, "percent_covered_display": "87", "missing_lines": 10, "excluded_lines": 0, "percent_statements_covered": 87.17948717948718, "percent_statements_covered_display": "87"}, "missing_lines": [34, 39, 42, 44, 46, 79, 104, 109, 110, 112], "excluded_lines": []}}}, "src/lumyn/core/__init__.py": {"executed_lines": [1, 3], "summary": {"covered_lines": 2, "num_statements": 2, "percent_covered": 100.0, "percent_covered_display": "100", "missing_lines": 0, "excluded_lines": 0, "percent_statements_covered": 100.0, "percent_statements_covered_display": "100"}, "missing_lines": [], "excluded_lines": [], "functions": {"": {"executed_lines": [1, 3], "summary": {"covered_lines": 2, "num_statements": 2, "percent_covered": 100.0, "percent_covered_display": "100", "missing_lines": 0, "excluded_lines": 0, "percent_statements_covered": 100.0, "percent_statements_covered_display": "100"}, "missing_lines": [], "excluded_lines": []}}, "classes": {"": {"executed_lines": [1, 3], "summary": {"covered_lines": 2, "num_statements": 2, "percent_covered": 100.0, "percent_covered_display": "100", "missing_lines": 0, "excluded_lines": 0, "percent_statements_covered": 100.0, "percent_statements_covered_display": "100"}, "missing_lines": [], "excluded_lines": []}}}, "src/lumyn/core/decide.py": {"executed_lines": [1, 3, 4, 5, 6, 7, 9, 11, 12, 13, 14, 15, 16, 17, 18, 19, 20, 21, 22, 23, 24, 25, 26, 27, 30, 31, 32, 33, 34, 35, 36, 37, 38, 41, 42, 43, 46, 47, 50, 56, 76, 102, 103, 104, 107, 114, 115, 116, 117, 118, 119, 122, 124, 126, 128, 130, 132, 137, 139, 140, 141, 142, 143, 146, 147, 148, 149, 173, 178, 179, 180, 183, 184, 185, 186, 187, 190, 211, 214, 215, 216, 225, 226, 227, 229, 231, 232, 234, 235, 236, 238, 241, 242, 243, 244, 245, 246, 248, 249, 252, 254, 276, 277, 278, 279, 289, 290, 295, 296, 299, 300, 304, 311, 313, 315, 316, 326, 327, 328, 330, 333, 340, 341, 342, 343, 344, 345, 348, 350, 352, 353, 354, 356, 358, 363, 365, 366, 367, 368, 369, 372, 373, 374, 376, 400, 405, 406, 407, 410, 419, 420, 422, 424, 425, 428, 429, 434, 436, 437, 439, 440, 441, 443, 444, 447, 448, 449, 450, 452, 457, 460, 465, 467, 468, 471, 473, 495, 496, 518, 519], "summary": {"covered_lines": 180, "num_statements": 233, "percent_covered": 77.25321888412017, "percent_covered_display": "77", "missing_lines": 53, "excluded_lines": 0, "percent_statements_covered": 77.25321888412017, "percent_statements_covered_display": "77"}, "missing_lines": [82, 120, 127, 144, 155, 156, 157, 158, 161, 164, 169, 170, 171, 280, 284, 285, 286, 287, 288, 297, 317, 324, 346, 370, 382, 383, 384, 385, 388, 391, 396, 397, 398, 411, 412, 415, 416, 461, 462, 464, 497, 498, 499, 503, 504, 505, 506, 507, 508, 509, 514, 515, 516], "excluded_lines": [], "functions": {"_validate_request_or_raise": {"executed_lines": [42, 43], "summary": {"covered_lines": 2, "num_statements": 2, "percent_covered": 100.0, "percent_covered_display": "100", "missing_lines": 0, "excluded_lines": 0, "percent_statements_covered": 100.0, "percent_statements_covered_display": "100"}, "missing_lines": [], "excluded_lines": []}, "_is_storage_error": {"executed_lines": [47], "summary": {"covered_lines": 1, "num_statements": 1, "percent_covered": 100.0, "percent_covered_display": "100", "missing_lines": 0, "excluded_lines": 0, "percent_statements_covered": 100.0, "percent_statements_covered_display": "100"}, "missing_lines": [], "excluded_lines": []}, "_abstain_storage_unavailable_record": {"executed_lines": [56], "summary": {"covered_lines": 1, "num_statements": 1, "percent_covered": 100.0, "percent_covered_display": "100", "missing_lines": 0, "excluded_lines": 0, "percent_statements_covered": 100.0, "percent_statements_covered_display": "100"}, "missing_lines": [], "excluded_lines": []}, "_abstain_storage_unavailable_record_v1": {"executed_lines": [], "summary": {"covered_lines": 0, "num_statements": 1, "percent_covered": 0.0, "percent_covered_display": "0", "missing_lines": 1, "excluded_lines": 0, "percent_statements_covered": 0.0, "percent_statements_covered_display": "0"}, "missing_lines": [82], "excluded_lines": []}, "_validate_request_v1_or_raise": {"executed_lines": [103, 104], "summary": {"covered_lines": 2, "num_statements": 2, "percent_covered": 100.0, "percent_covered_display": "100", "missing_lines": 0, "excluded_lines": 0, "percent_statements_covered": 100.0, "percent_statements_covered_display": "100"}, "missing_lines": [], "excluded_lines": []}, "decide_v0": {"executed_lines": [114, 115, 116, 117, 118, 119, 122, 124, 126, 128, 130, 132, 137, 139, 140, 141, 142, 143, 146, 147, 148, 149, 173, 178, 179, 180, 183, 184, 185, 186, 187, 190, 211, 214, 215, 216, 225, 226, 227, 229, 231, 232, 234, 235, 236, 238, 241, 242, 243, 244, 245, 246, 248, 249, 252, 254, 276, 277, 278, 279, 289, 290, 295, 296, 299, 300], "summary": {"covered_lines": 66, "num_statements": 85, "percent_covered": 77.6470588235294, "percent_covered_display": "78", "missing_lines": 19, "excluded_lines": 0, "percent_statements_covered": 77.6470588235294, "percent_statements_covered_display": "78"}, "missing_lines": [120, 127, 144, 155, 156, 157, 158, 161, 164, 169, 170, 171, 280, 284, 285, 286, 287, 288, 297], "excluded_lines": []}, "decide": {"executed_lines": [311, 313, 315, 316, 326, 327, 328, 330], "summary": {"covered_lines": 8, "num_statements": 10, "percent_covered": 80.0, "percent_covered_display": "80", "missing_lines": 2, "excluded_lines": 0, "percent_statements_covered": 80.0, "percent_statements_covered_display": "80"}, "missing_lines": [317, 324], "excluded_lines": []}, "decide_v1": {"executed_lines": [340, 341, 342, 343, 344, 345, 348, 350, 352, 353, 354, 356, 358, 363, 365, 366, 367, 368, 369, 372, 373, 374, 376, 400, 405, 406, 407, 410, 419, 420, 422, 424, 425, 428, 429, 434, 436, 437, 439, 440, 441, 443, 444, 447, 448, 449, 450, 452, 457, 460, 465, 467, 468, 471, 473, 495, 496, 518, 519], "summary": {"covered_lines": 59, "num_statements": 90, "percent_covered": 65.55555555555556, "percent_covered_display": "66", "missing_lines": 31, "excluded_lines": 0, "percent_statements_covered": 65.55555555555556, "percent_statements_covered_display": "66"}, "missing_lines": [346, 370, 382, 383, 384, 385, 388, 391, 396, 397, 398, 411, 412, 415, 416, 461, 462, 464, 497, 498, 499, 503, 504, 505, 506, 507, 508, 509, 514, 515, 516], "excluded_lines": []}, "": {"executed_lines": [1, 3, 4, 5, 6, 7, 9, 11, 12, 13, 14, 15, 16, 17, 18, 19, 20, 21, 22, 23, 24, 25, 26, 27, 30, 31, 32, 33, 34, 35, 36, 37, 38, 41, 46, 50, 76, 102, 107, 304, 333], "summary": {"covered_lines": 41, "num_statements": 41, "percent_covered": 100.0, "percent_covered_display": "100", "missing_lines": 0, "excluded_lines": 0, "percent_statements_covered": 100.0, "percent_statements_covered_display": "100"}, "missing_lines": [], "excluded_lines": []}}, "classes": {"LumynConfig": {"executed_lines": [], "summary": {"covered_lines": 0, "num_statements": 0, "percent_covered": 100.0, "percent_covered_display": "100", "missing_lines": 0, "excluded_lines": 0, "percent_statements_covered": 100.0, "percent_statements_covered_display": "100"}, "missing_lines": [], "excluded_lines": []}, "": {"executed_lines": [1, 3, 4, 5, 6, 7, 9, 11, 12, 13, 14, 15, 16, 17, 18, 19, 20, 21, 22, 23, 24, 25, 26, 27, 30, 31, 32, 33, 34, 35, 36, 37, 38, 41, 42, 43, 46, 47, 50, 56, 76, 102, 103, 104, 107, 114, 115, 116, 117, 118, 119, 122, 124, 126, 128, 130, 132, 137, 139, 140, 141, 142, 143, 146, 147, 148, 149, 173, 178, 179, 180, 183, 184, 185, 186, 187, 190, 211, 214, 215, 216, 225, 226, 227, 229, 231, 232, 234, 235, 236, 238, 241, 242, 243, 244, 245, 246, 248, 249, 252, 254, 276, 277, 278, 279, 289, 290, 295, 296, 299, 300, 304, 311, 313, 315, 316, 326, 327, 328, 330, 333, 340, 341, 342, 343, 344, 345, 348, 350, 352, 353, 354, 356, 358, 363, 365, 366, 367, 368, 369, 372, 373, 374, 376, 400, 405, 406, 407, 410, 419, 420, 422, 424, 425, 428, 429, 434, 436, 437, 439, 440, 441, 443, 444, 447, 448, 449, 450, 452, 457, 460, 465, 467, 468, 471, 473, 495, 496, 518, 519], "summary": {"covered_lines": 180, "num_statements": 233, "percent_covered": 77.25321888412017, "percent_covered_display": "77", "missing_lines": 53, "excluded_lines": 0, "percent_statements_covered": 77.25321888412017, "percent_statements_covered_display": "77"}, "missing_lines": [82, 120, 127, 144, 155, 156, 157, 158, 161, 164, 169, 170, 171, 280, 284, 285, 286, 287, 288, 297, 317, 324, 346, 370, 382, 383, 384, 385, 388, 391, 396, 397, 398, 411, 412, 415, 416, 461, 462, 464, 497, 498, 499, 503, 504, 505, 506, 507, 508, 509, 514, 515, 516], "excluded_lines": []}}}, "src/lumyn/engine/consensus.py": {"executed_lines": [1, 3, 4, 6, 7, 9, 12, 13, 14, 15, 16, 17, 18, 19, 22, 23, 26, 27, 32, 33, 35, 55, 59, 61, 62, 63, 64, 75, 76, 78, 79, 81, 83, 84, 85, 86, 87, 88, 89, 90, 94, 96, 97, 98, 99, 101, 114, 115, 117, 118, 119, 120, 121, 123, 134, 135], "summary": {"covered_lines": 55, "num_statements": 55, "percent_covered": 100.0, "percent_covered_display": "100", "missing_lines": 0, "excluded_lines": 0, "percent_statements_covered": 100.0, "percent_statements_covered_display": "100"}, "missing_lines": [], "excluded_lines": [], "functions": {"get_first_reason": {"executed_lines": [23], "summary": {"covered_lines": 1, "num_statements": 1, "percent_covered": 100.0, "percent_covered_display": "100", "missing_lines": 0, "excluded_lines": 0, "percent_statements_covered": 100.0, "percent_statements_covered_display": "100"}, "missing_lines": [], "excluded_lines": []}, "ConsensusEngine.__init__": {"executed_lines": [33], "summary": {"covered_lines": 1, "num_statements": 1, "percent_covered": 100.0, "percent_covered_display": "100", "missing_lines": 0, "excluded_lines": 0, "percent_statements_covered": 100.0, "percent_statements_covered_display": "100"}, "missing_lines": [], "excluded_lines": []}, "ConsensusEngine.arbitrate": {"executed_lines": [55, 59, 61, 62, 63, 64, 75, 76, 78, 79, 81, 83, 84, 85, 86, 87, 88, 89, 90, 94, 96, 97, 98, 99, 101, 114, 115, 117, 118, 119, 120, 121, 123, 134, 135], "summary": {"covered_lines": 35, "num_statements": 35, "percent_covered": 100.0, "percent_covered_display": "100", "missing_lines": 0, "excluded_lines": 0, "percent_statements_covered": 100.0, "percent_statements_covered_display": "100"}, "missing_lines": [], "excluded_lines": []}, "": {"executed_lines": [1, 3, 4, 6, 7, 9, 12, 13, 14, 15, 16, 17, 18, 19, 22, 26, 27, 32, 35], "summary": {"covered_lines": 18, "num_statements": 18, "percent_covered": 100.0, "percent_covered_display": "100", "missing_lines": 0, "excluded_lines": 0, "percent_statements_covered": 100.0, "percent_statements_covered_display": "100"}, "missing_lines": [], "excluded_lines": []}}, "classes": {"ConsensusResult": {"executed_lines": [], "summary": {"covered_lines": 0, "num_statements": 0, "percent_covered": 100.0, "percent_covered_display": "100", "missing_lines": 0, "excluded_lines": 0, "percent_statements_covered": 100.0, "percent_statements_covered_display": "100"}, "missing_lines": [], "excluded_lines": []}, "ConsensusEngine": {"executed_lines": [33, 55, 59, 61, 62, 63, 64, 75, 76, 78, 79, 81, 83, 84, 85, 86, 87, 88, 89, 90, 94, 96, 97, 98, 99, 101, 114, 115, 117, 118, 119, 120, 121, 123, 134, 135], "summary": {"covered_lines": 36, "num_statements": 36, "percent_covered": 100.0, "percent_covered_display": "100", "missing_lines": 0, "excluded_lines": 0, "percent_statements_covered": 100.0, "percent_statements_covered_display": "100"}, "missing_lines": [], "excluded_lines": []}, "": {"executed_lines": [1, 3, 4, 6, 7, 9, 12, 13, 14, 15, 16, 17, 18, 19, 22, 23, 26, 27, 32, 35], "summary": {"covered_lines": 19, "num_statements": 19, "percent_covered": 100.0, "percent_covered_display": "100", "missing_lines": 0, "excluded_lines": 0, "percent_statements_covered": 100.0, "percent_statements_covered_display": "100"}, "missing_lines": [], "excluded_lines": []}}}, "src/lumyn/engine/evaluator.py": {"executed_lines": [1, 3, 4, 6, 8, 9, 12, 13, 14, 15, 16, 17, 20, 21, 22, 23, 24, 25, 26, 29, 30, 32, 33, 34, 35, 36, 37, 39, 40, 44, 45, 46, 47, 48, 49, 50, 51, 52, 56, 57, 59, 60, 62, 63, 64, 65, 68, 71, 72, 73, 75, 76, 78, 80, 81, 82, 83, 84, 86, 87, 89, 90, 91, 93, 94, 95, 96, 97, 98, 100, 101, 102, 103, 104, 105, 107, 108, 109, 110, 111, 112, 114, 115, 116, 118, 119, 120, 125, 126, 128, 131, 137, 138, 140, 141, 143, 144, 145, 148, 153, 154, 156, 157, 158, 159, 161, 162, 166, 167, 169, 170, 171, 173, 174, 175, 177, 178, 179, 181, 184, 189, 191, 192, 195, 197, 198, 199, 201, 205, 207, 208, 217, 218, 220, 221, 223, 224, 229, 237, 239, 240, 241, 242, 247, 249, 250, 251, 252, 254, 255, 256, 257, 258, 259, 262, 264, 265, 266, 267, 268, 269, 277, 279, 281, 282, 284], "summary": {"covered_lines": 166, "num_statements": 192, "percent_covered": 86.45833333333333, "percent_covered_display": "86", "missing_lines": 26, "excluded_lines": 0, "percent_statements_covered": 86.45833333333333, "percent_statements_covered_display": "86"}, "missing_lines": [31, 38, 41, 53, 58, 66, 67, 69, 70, 77, 85, 122, 127, 139, 142, 172, 200, 209, 210, 211, 215, 219, 222, 227, 253, 261], "excluded_lines": [], "functions": {"_when_matches": {"executed_lines": [30, 32, 33, 34, 35, 36, 37, 39, 40], "summary": {"covered_lines": 9, "num_statements": 12, "percent_covered": 75.0, "percent_covered_display": "75", "missing_lines": 3, "excluded_lines": 0, "percent_statements_covered": 75.0, "percent_statements_covered_display": "75"}, "missing_lines": [31, 38, 41], "excluded_lines": []}, "_value_from_key": {"executed_lines": [45, 46, 47, 48, 49, 50, 51, 52], "summary": {"covered_lines": 8, "num_statements": 9, "percent_covered": 88.88888888888889, "percent_covered_display": "89", "missing_lines": 1, "excluded_lines": 0, "percent_statements_covered": 88.88888888888889, "percent_statements_covered_display": "89"}, "missing_lines": [53], "excluded_lines": []}, "_eval_condition": {"executed_lines": [57, 59, 60, 62, 63, 64, 65, 68, 71, 72, 73, 75, 76, 78, 80, 81, 82, 83, 84, 86, 87, 89, 90, 91, 93, 94, 95, 96, 97, 98, 100, 101, 102, 103, 104, 105, 107, 108, 109, 110, 111, 112, 114, 115, 116, 118, 119, 120], "summary": {"covered_lines": 48, "num_statements": 56, "percent_covered": 85.71428571428571, "percent_covered_display": "86", "missing_lines": 8, "excluded_lines": 0, "percent_statements_covered": 85.71428571428571, "percent_statements_covered_display": "86"}, "missing_lines": [58, 66, 67, 69, 70, 77, 85, 122], "excluded_lines": []}, "_expr_matches": {"executed_lines": [126, 128], "summary": {"covered_lines": 2, "num_statements": 3, "percent_covered": 66.66666666666667, "percent_covered_display": "67", "missing_lines": 1, "excluded_lines": 0, "percent_statements_covered": 66.66666666666667, "percent_statements_covered_display": "67"}, "missing_lines": [127], "excluded_lines": []}, "_required_evidence_missing": {"executed_lines": [137, 138, 140, 141, 1
[...]
0, "excluded_lines": 0, "percent_statements_covered": 100.0, "percent_statements_covered_display": "100"}, "missing_lines": [], "excluded_lines": []}, "RiskSignalsV1": {"executed_lines": [], "summary": {"covered_lines": 0, "num_statements": 0, "percent_covered": 100.0, "percent_covered_display": "100", "missing_lines": 0, "excluded_lines": 0, "percent_statements_covered": 100.0, "percent_statements_covered_display": "100"}, "missing_lines": [], "excluded_lines": []}, "": {"executed_lines": [1, 3, 4, 6, 8, 14, 15, 16, 17, 18, 19, 22, 23, 24, 25, 26, 27, 28, 31, 32, 33, 34, 35, 38, 39, 41, 44, 45, 53, 62, 63, 67, 70, 109], "summary": {"covered_lines": 34, "num_statements": 35, "percent_covered": 97.14285714285714, "percent_covered_display": "97", "missing_lines": 1, "excluded_lines": 0, "percent_statements_covered": 97.14285714285714, "percent_statements_covered_display": "97"}, "missing_lines": [68], "excluded_lines": []}}}, "src/lumyn/schemas/loaders.py": {"executed_lines": [1, 3, 4, 5, 6, 8, 11, 12, 13, 14, 15, 16, 17], "summary": {"covered_lines": 13, "num_statements": 13, "percent_covered": 100.0, "percent_covered_display": "100", "missing_lines": 0, "excluded_lines": 0, "percent_statements_covered": 100.0, "percent_statements_covered_display": "100"}, "missing_lines": [], "excluded_lines": [], "functions": {"load_json_schema": {"executed_lines": [13, 14, 15, 16, 17], "summary": {"covered_lines": 5, "num_statements": 5, "percent_covered": 100.0, "percent_covered_display": "100", "missing_lines": 0, "excluded_lines": 0, "percent_statements_covered": 100.0, "percent_statements_covered_display": "100"}, "missing_lines": [], "excluded_lines": []}, "": {"executed_lines": [1, 3, 4, 5, 6, 8, 11, 12], "summary": {"covered_lines": 8, "num_statements": 8, "percent_covered": 100.0, "percent_covered_display": "100", "missing_lines": 0, "excluded_lines": 0, "percent_statements_covered": 100.0, "percent_statements_covered_display": "100"}, "missing_lines": [], "excluded_lines": []}}, "classes": {"": {"executed_lines": [1, 3, 4, 5, 6, 8, 11, 12, 13, 14, 15, 16, 17], "summary": {"covered_lines": 13, "num_statements": 13, "percent_covered": 100.0, "percent_covered_display": "100", "missing_lines": 0, "excluded_lines": 0, "percent_statements_covered": 100.0, "percent_statements_covered_display": "100"}, "missing_lines": [], "excluded_lines": []}}}, "src/lumyn/store/sqlite.py": {"executed_lines": [1, 3, 4, 5, 6, 7, 9, 12, 13, 15, 18, 19, 22, 23, 24, 27, 28, 29, 30, 31, 32, 33, 34, 35, 36, 39, 40, 41, 42, 43, 44, 47, 48, 49, 51, 52, 53, 54, 55, 56, 57, 58, 60, 61, 62, 64, 65, 66, 68, 69, 72, 73, 74, 75, 76, 78, 79, 80, 82, 83, 84, 87, 92, 93, 95, 96, 100, 102, 103, 104, 105, 107, 108, 109, 111, 113, 115, 116, 152, 153, 161, 169, 170, 171, 180, 181, 182, 186, 188, 190, 191, 192, 196, 198, 200, 201, 202, 206, 207, 208, 210, 211, 212, 213, 215, 216, 223, 225, 237, 248, 249, 274, 276, 284, 292, 300, 301, 307, 309, 315, 317, 318, 320, 321, 322, 334, 336, 337, 338, 339, 340, 341, 344], "summary": {"covered_lines": 133, "num_statements": 139, "percent_covered": 95.68345323741008, "percent_covered_display": "96", "missing_lines": 6, "excluded_lines": 0, "percent_statements_covered": 95.68345323741008, "percent_statements_covered_display": "96"}, "missing_lines": [187, 197, 285, 291, 293, 299], "excluded_lines": [], "functions": {"_utc_now_iso": {"executed_lines": [13, 15], "summary": {"covered_lines": 2, "num_statements": 2, "percent_covered": 100.0, "percent_covered_display": "100", "missing_lines": 0, "excluded_lines": 0, "percent_statements_covered": 100.0, "percent_statements_covered_display": "100"}, "missing_lines": [], "excluded_lines": []}, "_json_dumps": {"executed_lines": [19], "summary": {"covered_lines": 1, "num_statements": 1, "percent_covered": 100.0, "percent_covered_display": "100", "missing_lines": 0, "excluded_lines": 0, "percent_statements_covered": 100.0, "percent_statements_covered_display": "100"}, "missing_lines": [], "excluded_lines": []}, "_load_schema_sql": {"executed_lines": [23, 24], "summary": {"covered_lines": 2, "num_statements": 2, "percent_covered": 100.0, "percent_covered_display": "100", "missing_lines": 0, "excluded_lines": 0, "percent_statements_covered": 100.0, "percent_statements_covered_display": "100"}, "missing_lines": [], "excluded_lines": []}, "SqliteStore.__init__": {"executed_lines": [49], "summary": {"covered_lines": 1, "num_statements": 1, "percent_covered": 100.0, "percent_covered_display": "100", "missing_lines": 0, "excluded_lines": 0, "percent_statements_covered": 100.0, "percent_statements_covered_display": "100"}, "missing_lines": [], "excluded_lines": []}, "SqliteStore.connect": {"executed_lines": [52, 53, 54, 55, 56, 57, 58], "summary": {"covered_lines": 7, "num_statements": 7, "percent_covered": 100.0, "percent_covered_display": "100", "missing_lines": 0, "excluded_lines": 0, "percent_statements_covered": 100.0, "percent_statements_covered_display": "100"}, "missing_lines": [], "excluded_lines": []}, "SqliteStore.init": {"executed_lines": [61, 62], "summary": {"covered_lines": 2, "num_statements": 2, "percent_covered": 100.0, "percent_covered_display": "100", "missing_lines": 0, "excluded_lines": 0, "percent_statements_covered": 100.0, "percent_statements_covered_display": "100"}, "missing_lines": [], "excluded_lines": []}, "SqliteStore.put_decision_record": {"executed_lines": [65, 66, 68, 69, 72, 73, 74, 75, 76, 78, 79, 80, 82, 83, 84, 87, 92, 93, 95, 96, 100, 102, 103, 104, 105, 107, 108, 109, 111, 113, 115, 116, 152, 153], "summary": {"covered_lines": 34, "num_statements": 34, "percent_covered": 100.0, "percent_covered_display": "100", "missing_lines": 0, "excluded_lines": 0, "percent_statements_covered": 100.0, "percent_statements_covered_display": "100"}, "missing_lines": [], "excluded_lines": []}, "SqliteStore.put_policy_snapshot": {"executed_lines": [169, 170, 171], "summary": {"covered_lines": 3, "num_statements": 3, "percent_covered": 100.0, "percent_covered_display": "100", "missing_lines": 0, "excluded_lines": 0, "percent_statements_covered": 100.0, "percent_statements_covered_display": "100"}, "missing_lines": [], "excluded_lines": []}, "SqliteStore.get_policy_snapshot": {"executed_lines": [181, 182, 186, 188], "summary": {"covered_lines": 4, "num_statements": 5, "percent_covered": 80.0, "percent_covered_display": "80", "missing_lines": 1, "excluded_lines": 0, "percent_statements_covered": 80.0, "percent_statements_covered_display": "80"}, "missing_lines": [187], "excluded_lines": []}, "SqliteStore.get_decision_record": {"executed_lines": [191, 192, 196, 198], "summary": {"covered_lines": 4, "num_statements": 5, "percent_covered": 80.0, "percent_covered_display": "80", "missing_lines": 1, "excluded_lines": 0, "percent_statements_covered": 80.0, "percent_statements_covered_display": "80"}, "missing_lines": [197], "excluded_lines": []}, "SqliteStore.get_decision_id_for_request_id": {"executed_lines": [201, 202, 206, 207, 208], "summary": {"covered_lines": 5, "num_statements": 5, "percent_covered": 100.0, "percent_covered_display": "100", "missing_lines": 0, "excluded_lines": 0, "percent_statements_covered": 100.0, "percent_statements_covered_display": "100"}, "missing_lines": [], "excluded_lines": []}, "SqliteStore.append_decision_event": {"executed_lines": [211, 212, 213, 215, 216, 223], "summary": {"covered_lines": 6, "num_statements": 6, "percent_covered": 100.0, "percent_covered_display": "100", "missing_lines": 0, "excluded_lines": 0, "percent_statements_covered": 100.0, "percent_statements_covered_display": "100"}, "missing_lines": [], "excluded_lines": []}, "SqliteStore.add_memory_item": {"executed_lines": [237, 248, 249, 274], "summary": {"covered_lines": 4, "num_statements": 4, "percent_covered": 100.0, "percent_covered_display": "100", "missing_lines": 0, "excluded_lines": 0, "percent_statements_covered": 100.0, "percent_statements_covered_display": "100"}, "missing_lines": [], "excluded_lines": []}, "SqliteStore.list_memory_items": {"executed_lines": [284, 292, 300, 301, 307, 309, 315, 317, 318, 320, 321, 322, 334], "summary": {"covered_lines": 13, "num_statements": 17, "percent_covered": 76.47058823529412, "percent_covered_display": "76", "missing_lines": 4, "excluded_lines": 0, "percent_statements_covered": 76.47058823529412, "percent_statements_covered_display": "76"}, "missing_lines": [285, 291, 293, 299], "excluded_lines": []}, "SqliteStore.get_stats": {"executed_lines": [337, 338, 339, 340, 341, 344], "summary": {"covered_lines": 6, "num_statements": 6, "percent_covered": 100.0, "percent_covered_display": "100", "missing_lines": 0, "excluded_lines": 0, "percent_statements_covered": 100.0, "percent_statements_covered_display": "100"}, "missing_lines": [], "excluded_lines": []}, "": {"executed_lines": [1, 3, 4, 5, 6, 7, 9, 12, 18, 22, 27, 28, 29, 30, 31, 32, 33, 34, 35, 36, 39, 40, 41, 42, 43, 44, 47, 48, 51, 60, 64, 161, 180, 190, 200, 210, 225, 276, 336], "summary": {"covered_lines": 39, "num_statements": 39, "percent_covered": 100.0, "percent_covered_display": "100", "missing_lines": 0, "excluded_lines": 0, "percent_statements_covered": 100.0, "percent_statements_covered_display": "100"}, "missing_lines": [], "excluded_lines": []}}, "classes": {"MemoryItem": {"executed_lines": [], "summary": {"covered_lines": 0, "num_statements": 0, "percent_covered": 100.0, "percent_covered_display": "100", "missing_lines": 0, "excluded_lines": 0, "percent_statements_covered": 100.0, "percent_statements_covered_display": "100"}, "missing_lines": [], "excluded_lines": []}, "StoreStats": {"executed_lines": [], "summary": {"covered_lines": 0, "num_statements": 0, "percent_covered": 100.0, "percent_covered_display": "100", "missing_lines": 0, "excluded_lines": 0, "percent_statements_covered": 100.0, "percent_statements_covered_display": "100"}, "missing_lines": [], "excluded_lines": []}, "SqliteStore": {"executed_lines": [49, 52, 53, 54, 55, 56, 57, 58, 61, 62, 65, 66, 68, 69, 72, 73, 74, 75, 76, 78, 79, 80, 82, 83, 84, 87, 92, 93, 95, 96, 100, 102, 103, 104, 105, 107, 108, 109, 111, 113, 115, 116, 152, 153, 169, 170, 171, 181, 182, 186, 188, 191, 192, 196, 198, 201, 202, 206, 207, 208, 211, 212, 213, 215, 216, 223, 237, 248, 249, 274, 284, 292, 300, 301, 307, 309, 315, 317, 318, 320, 321, 322, 334, 337, 338, 339, 340, 341, 344], "summary": {"covered_lines": 89, "num_statements": 95, "percent_covered": 93.6842105263158, "percent_covered_display": "94", "missing_lines": 6, "excluded_lines": 0, "percent_statements_covered": 93.6842105263158, "percent_statements_covered_display": "94"}, "missing_lines": [187, 197, 285, 291, 293, 299], "excluded_lines": []}, "": {"executed_lines": [1, 3, 4, 5, 6, 7, 9, 12, 13, 15, 18, 19, 22, 23, 24, 27, 28, 29, 30, 31, 32, 33, 34, 35, 36, 39, 40, 41, 42, 43, 44, 47, 48, 51, 60, 64, 161, 180, 190, 200, 210, 225, 276, 336], "summary": {"covered_lines": 44, "num_statements": 44, "percent_covered": 100.0, "percent_covered_display": "100", "missing_lines": 0, "excluded_lines": 0, "percent_statements_covered": 100.0, "percent_statements_covered_display": "100"}, "missing_lines": [], "excluded_lines": []}}}, "src/lumyn/telemetry/__init__.py": {"executed_lines": [1], "summary": {"covered_lines": 0, "num_statements": 0, "percent_covered": 100.0, "percent_covered_display": "100", "missing_lines": 0, "excluded_lines": 0, "percent_statements_covered": 100.0, "percent_statements_covered_display": "100"}, "missing_lines": [], "excluded_lines": [], "functions": {"": {"executed_lines": [1], "summary": {"covered_lines": 0, "num_statements": 0, "percent_covered": 100.0, "percent_covered_display": "100", "missing_lines": 0, "excluded_lines": 0, "percent_statements_covered": 100.0, "percent_statements_covered_display": "100"}, "missing_lines": [], "excluded_lines": []}}, "classes": {"": {"executed_lines": [1], "summary": {"covered_lines": 0, "num_statements": 0, "percent_covered": 100.0, "percent_covered_display": "100", "missing_lines": 0, "excluded_lines": 0, "percent_statements_covered": 100.0, "percent_statements_covered_display": "100"}, "missing_lines": [], "excluded_lines": []}}}, "src/lumyn/telemetry/logging.py": {"executed_lines": [1, 3, 4, 5, 6, 9, 10, 11, 12, 14, 20, 21, 23, 24, 28, 30, 31, 35, 37, 38, 42, 44, 45, 49, 64, 65, 66, 67], "summary": {"covered_lines": 28, "num_statements": 32, "percent_covered": 87.5, "percent_covered_display": "88", "missing_lines": 4, "excluded_lines": 0, "percent_statements_covered": 87.5, "percent_statements_covered_display": "88"}, "missing_lines": [26, 33, 40, 47], "excluded_lines": [], "functions": {"configure_logging": {"executed_lines": [10, 11, 12, 14], "summary": {"covered_lines": 4, "num_statements": 4, "percent_covered": 100.0, "percent_covered_display": "100", "missing_lines": 0, "excluded_lines": 0, "percent_statements_covered": 100.0, "percent_statements_covered_display": "100"}, "missing_lines": [], "excluded_lines": []}, "_safe_record_summary": {"executed_lines": [21, 23, 24, 28, 30, 31, 35, 37, 38, 42, 44, 45, 49], "summary": {"covered_lines": 13, "num_statements": 17, "percent_covered": 76.47058823529412, "percent_covered_display": "76", "missing_lines": 4, "excluded_lines": 0, "percent_statements_covered": 76.47058823529412, "percent_statements_covered_display": "76"}, "missing_lines": [26, 33, 40, 47], "excluded_lines": []}, "log_decision_record": {"executed_lines": [65, 66, 67], "summary": {"covered_lines": 3, "num_statements": 3, "percent_covered": 100.0, "percent_covered_display": "100", "missing_lines": 0, "excluded_lines": 0, "percent_statements_covered": 100.0, "percent_statements_covered_display": "100"}, "missing_lines": [], "excluded_lines": []}, "": {"executed_lines": [1, 3, 4, 5, 6, 9, 20, 64], "summary": {"covered_lines": 8, "num_statements": 8, "percent_covered": 100.0, "percent_covered_display": "100", "missing_lines": 0, "excluded_lines": 0, "percent_statements_covered": 100.0, "percent_statements_covered_display": "100"}, "missing_lines": [], "excluded_lines": []}}, "classes": {"": {"executed_lines": [1, 3, 4, 5, 6, 9, 10, 11, 12, 14, 20, 21, 23, 24, 28, 30, 31, 35, 37, 38, 42, 44, 45, 49, 64, 65, 66, 67], "summary": {"covered_lines": 28, "num_statements": 32, "percent_covered": 87.5, "percent_covered_display": "88", "missing_lines": 4, "excluded_lines": 0, "percent_statements_covered": 87.5, "percent_statements_covered_display": "88"}, "missing_lines": [26, 33, 40, 47], "excluded_lines": []}}}, "src/lumyn/telemetry/tracing.py": {"executed_lines": [1, 3, 4, 5, 8, 9, 15, 16, 17, 18, 19], "summary": {"covered_lines": 11, "num_statements": 19, "percent_covered": 57.89473684210526, "percent_covered_display": "58", "missing_lines": 8, "excluded_lines": 0, "percent_statements_covered": 57.89473684210526, "percent_statements_covered_display": "58"}, "missing_lines": [21, 22, 23, 24, 25, 26, 28, 29], "excluded_lines": [], "functions": {"start_span": {"executed_lines": [15, 16, 17, 18, 19], "summary": {"covered_lines": 5, "num_statements": 13, "percent_covered": 38.46153846153846, "percent_covered_display": "38", "missing_lines": 8, "excluded_lines": 0, "percent_statements_covered": 38.46153846153846, "percent_statements_covered_display": "38"}, "missing_lines": [21, 22, 23, 24, 25, 26, 28, 29], "excluded_lines": []}, "": {"executed_lines": [1, 3, 4, 5, 8, 9], "summary": {"covered_lines": 6, "num_statements": 6, "percent_covered": 100.0, "percent_covered_display": "100", "missing_lines": 0, "excluded_lines": 0, "percent_statements_covered": 100.0, "percent_statements_covered_display": "100"}, "missing_lines": [], "excluded_lines": []}}, "classes": {"": {"executed_lines": [1, 3, 4, 5, 8, 9, 15, 16, 17, 18, 19], "summary": {"covered_lines": 11, "num_statements": 19, "percent_covered": 57.89473684210526, "percent_covered_display": "58", "missing_lines": 8, "excluded_lines": 0, "percent_statements_covered": 57.89473684210526, "percent_statements_covered_display": "58"}, "missing_lines": [21, 22, 23, 24, 25, 26, 28, 29], "excluded_lines": []}}}, "src/lumyn/tools/migrate_v1.py": {"executed_lines": [1, 3, 4, 6, 9, 12, 25, 26, 29, 36, 37, 44, 47, 48, 49, 50, 51, 54, 57, 58, 60, 63, 66, 67, 68, 69, 72, 73, 74, 75, 76, 78, 79, 80, 82, 83, 84, 85, 88, 94, 95, 96, 98, 101, 102, 105, 106, 108, 109, 111, 113, 116, 142], "summary": {"covered_lines": 53, "num_statements": 72, "percent_covered": 73.61111111111111, "percent_covered_display": "74", "missing_lines": 19, "excluded_lines": 0, "percent_statements_covered": 73.61111111111111, "percent_statements_covered_display": "74"}, "missing_lines": [117, 119, 120, 121, 123, 124, 125, 126, 128, 129, 131, 132, 133, 135, 136, 137, 138, 139, 143], "excluded_lines": [], "functions": {"migrate_policy_v0_to_v1": {"executed_lines": [26, 29, 36, 37, 44, 47, 48, 49, 50, 51, 54, 57, 58, 60, 63, 66, 67, 68, 69, 72, 73, 74, 75, 76, 78, 79, 80, 82, 83, 84, 85, 88, 94, 95, 96, 98, 101, 102, 105, 106, 108, 109, 111, 113], "summary": {"covered_lines": 44, "num_statements": 44, "percent_covered": 100.0, "percent_covered_display": "100", "missing_lines": 0, "excluded_lines": 0, "percent_statements_covered": 100.0, "percent_statements_covered_display": "100"}, "missing_lines": [], "excluded_lines": []}, "main": {"executed_lines": [], "summary": {"covered_lines": 0, "num_statements": 18, "percent_covered": 0.0, "percent_covered_display": "0", "missing_lines": 18, "excluded_lines": 0, "percent_statements_covered": 0.0, "percent_statements_covered_display": "0"}, "missing_lines": [117, 119, 120, 121, 123, 124, 125, 126, 128, 129, 131, 132, 133, 135, 136, 137, 138, 139], "excluded_lines": []}, "": {"executed_lines": [1, 3, 4, 6, 9, 12, 25, 116, 142], "summary": {"covered_lines": 9, "num_statements": 10, "percent_covered": 90.0, "percent_covered_display": "90", "missing_lines": 1, "excluded_lines": 0, "percent_statements_covered": 90.0, "percent_statements_covered_display": "90"}, "missing_lines": [143], "excluded_lines": []}}, "classes": {"": {"executed_lines": [1, 3, 4, 6, 9, 12, 25, 26, 29, 36, 37, 44, 47, 48, 49, 50, 51, 54, 57, 58, 60, 63, 66, 67, 68, 69, 72, 73, 74, 75, 76, 78, 79, 80, 82, 83, 84, 85, 88, 94, 95, 96, 98, 101, 102, 105, 106, 108, 109, 111, 113, 116, 142], "summary": {"covered_lines": 53, "num_statements": 72, "percent_covered": 73.61111111111111, "percent_covered_display": "74", "missing_lines": 19, "excluded_lines": 0, "percent_statements_covered": 73.61111111111111, "percent_statements_covered_display": "74"}, "missing_lines": [117, 119, 120, 121, 123, 124, 125, 126, 128, 129, 131, 132, 133, 135, 136, 137, 138, 139, 143], "excluded_lines": []}}}, "src/lumyn/version.py": {"executed_lines": [1, 3, 5, 6], "summary": {"covered_lines": 4, "num_statements": 6, "percent_covered": 66.66666666666667, "percent_covered_display": "67", "missing_lines": 2, "excluded_lines": 0, "percent_statements_covered": 66.66666666666667, "percent_statements_covered_display": "67"}, "missing_lines": [7, 8], "excluded_lines": [], "functions": {"": {"executed_lines": [1, 3, 5, 6], "summary": {"covered_lines": 4, "num_statements": 6, "percent_covered": 66.66666666666667, "percent_covered_display": "67", "missing_lines": 2, "excluded_lines": 0, "percent_statements_covered": 66.66666666666667, "percent_statements_covered_display": "67"}, "missing_lines": [7, 8], "excluded_lines": []}}, "classes": {"": {"executed_lines": [1, 3, 5, 6], "summary": {"covered_lines": 4, "num_statements": 6, "percent_covered": 66.66666666666667, "percent_covered_display": "67", "missing_lines": 2, "excluded_lines": 0, "percent_statements_covered": 66.66666666666667, "percent_statements_covered_display": "67"}, "missing_lines": [7, 8], "excluded_lines": []}}}}, "totals": {"covered_lines": 2171, "num_statements": 2552, "percent_covered": 85.0705329153605, "percent_covered_display": "85", "missing_lines": 381, "excluded_lines": 1, "percent_statements_covered": 85.0705329153605, "percent_statements_covered_display": "85"}}